2017-12-18 10:02:04.5724-----------0001:PushServer Start Logging---------------------
2017-12-18 10:02:04.3900| INFO ||Microsoft.AspNetCore.Hosting.Internal.WebHost|  |Protocol=HTTP/1.1, Method=GET, ContentType=, ContentLength=, Scheme=http, Host=localhost:5000, PathBase=, Path=/, QueryString=, EventId_Id=1, EventId_Name=, EventId=1
Request starting HTTP/1.1 GET http://localhost:5000/   
2017-12-18 10:02:05.4869| INFO ||Microsoft.AspNetCore.Hosting.Internal.WebHost|  |ElapsedMilliseconds=1101.0093, StatusCode=404, ContentType=, EventId_Id=2, EventId_Name=, EventId=2
Request finished in 1101.0093ms 404  
2017-12-18 10:03:24.5332| INFO ||Microsoft.AspNetCore.Hosting.Internal.WebHost|  |Protocol=HTTP/1.1, Method=POST, ContentType=application/json, ContentLength=647, Scheme=http, Host=localhost:5000, PathBase=, Path=/api/PushMessage, QueryString=, EventId_Id=1, EventId_Name=, EventId=1
Request starting HTTP/1.1 POST http://localhost:5000/api/PushMessage application/json 647 
2017-12-18 10:03:25.9776| INFO ||Microsoft.AspNetCore.Mvc.Internal.ControllerActionInvoker|  |ActionName=PushServer.Controllers.PushMessageController.Post (PushServer), Arguments="PushServer.Model.PushMessage", ValidationState=Valid, EventId_Id=1, EventId_Name=, EventId=1
Executing action method PushServer.Controllers.PushMessageController.Post (PushServer) with arguments (PushServer.Model.PushMessage) - ModelState is Valid 
2017-12-18 10:05:03.3047| INFO ||Microsoft.AspNetCore.Mvc.Internal.ObjectResultExecutor|  |Value=Microsoft.AspNetCore.Mvc.ControllerContext, EventId_Id=1, EventId_Name=, EventId=1
Executing ObjectResult, writing value Microsoft.AspNetCore.Mvc.ControllerContext. 
2017-12-18 10:05:03.3776| INFO ||Microsoft.AspNetCore.Mvc.Internal.ControllerActionInvoker|  |ActionName=PushServer.Controllers.PushMessageController.Post (PushServer), ElapsedMilliseconds=98463.1128, EventId_Id=2, EventId_Name=, EventId=2
Executed action PushServer.Controllers.PushMessageController.Post (PushServer) in 98463.1128ms 
2017-12-18 10:05:03.4084| INFO ||Microsoft.AspNetCore.Hosting.Internal.WebHost|  |ElapsedMilliseconds=98875.2711, StatusCode=200, ContentType=application/json; charset=utf-8, EventId_Id=2, EventId_Name=, EventId=2
Request finished in 98875.2711ms 200 application/json; charset=utf-8 
2017-12-18 10:05:53.2944| INFO ||Microsoft.AspNetCore.Hosting.Internal.WebHost|  |Protocol=HTTP/1.1, Method=POST, ContentType=application/json, ContentLength=647, Scheme=http, Host=localhost:5000, PathBase=, Path=/api/PushMessage, QueryString=, EventId_Id=1, EventId_Name=, EventId=1
Request starting HTTP/1.1 POST http://localhost:5000/api/PushMessage application/json 647 
2017-12-18 10:05:53.3834| INFO ||Microsoft.AspNetCore.Mvc.Internal.ControllerActionInvoker|  |ActionName=PushServer.Controllers.PushMessageController.Post (PushServer), Arguments="PushServer.Model.PushMessage", ValidationState=Valid, EventId_Id=1, EventId_Name=, EventId=1
Executing action method PushServer.Controllers.PushMessageController.Post (PushServer) with arguments (PushServer.Model.PushMessage) - ModelState is Valid 
2017-12-18 10:15:37.5355| INFO ||Microsoft.AspNetCore.Hosting.Internal.WebHost|  |Protocol=HTTP/1.1, Method=GET, ContentType=, ContentLength=, Scheme=http, Host=localhost:5000, PathBase=, Path=/, QueryString=, EventId_Id=1, EventId_Name=, EventId=1
Request starting HTTP/1.1 GET http://localhost:5000/   
2017-12-18 10:15:38.0193| INFO ||Microsoft.AspNetCore.Hosting.Internal.WebHost|  |ElapsedMilliseconds=493.4724, StatusCode=404, ContentType=, EventId_Id=2, EventId_Name=, EventId=2
Request finished in 493.4724ms 404  
2017-12-18 10:15:45.8884| INFO ||Microsoft.AspNetCore.Hosting.Internal.WebHost|  |Protocol=HTTP/1.1, Method=POST, ContentType=application/json, ContentLength=599, Scheme=http, Host=localhost:5000, PathBase=, Path=/api/PushMessage, QueryString=, EventId_Id=1, EventId_Name=, EventId=1
Request starting HTTP/1.1 POST http://localhost:5000/api/PushMessage application/json 599 
2017-12-18 10:15:46.3754| INFO ||Microsoft.AspNetCore.Mvc.Internal.ControllerActionInvoker|  |ActionName=PushServer.Controllers.PushMessageController.Post (PushServer), Arguments="PushServer.Model.PushMessage", ValidationState=Valid, EventId_Id=1, EventId_Name=, EventId=1
Executing action method PushServer.Controllers.PushMessageController.Post (PushServer) with arguments (PushServer.Model.PushMessage) - ModelState is Valid 
2017-12-18 10:15:46.8021| INFO ||Microsoft.AspNetCore.Mvc.Internal.ObjectResultExecutor|  |Value=Microsoft.AspNetCore.Mvc.ControllerContext, EventId_Id=1, EventId_Name=, EventId=1
Executing ObjectResult, writing value Microsoft.AspNetCore.Mvc.ControllerContext. 
2017-12-18 10:15:46.8643| INFO ||Microsoft.AspNetCore.Mvc.Internal.ControllerActionInvoker|  |ActionName=PushServer.Controllers.PushMessageController.Post (PushServer), ElapsedMilliseconds=905.8231, EventId_Id=2, EventId_Name=, EventId=2
Executed action PushServer.Controllers.PushMessageController.Post (PushServer) in 905.8231ms 
2017-12-18 10:15:46.9289| INFO ||Microsoft.AspNetCore.Hosting.Internal.WebHost|  |ElapsedMilliseconds=1040.5631, StatusCode=200, ContentType=application/json; charset=utf-8, EventId_Id=2, EventId_Name=, EventId=2
Request finished in 1040.5631ms 200 application/json; charset=utf-8 
2017-12-18 11:17:12.0461| INFO ||Microsoft.AspNetCore.Hosting.Internal.WebHost|  |Protocol=HTTP/1.1, Method=GET, ContentType=, ContentLength=, Scheme=http, Host=localhost:5000, PathBase=, Path=/, QueryString=, EventId_Id=1, EventId_Name=, EventId=1
Request starting HTTP/1.1 GET http://localhost:5000/   
2017-12-18 11:17:13.1120| INFO ||Microsoft.AspNetCore.Hosting.Internal.WebHost|  |ElapsedMilliseconds=1085.3586, StatusCode=404, ContentType=, EventId_Id=2, EventId_Name=, EventId=2
Request finished in 1085.3586ms 404  
2017-12-18 11:17:53.5794| INFO ||Microsoft.AspNetCore.Hosting.Internal.WebHost|  |Protocol=HTTP/1.1, Method=POST, ContentType=application/json, ContentLength=599, Scheme=http, Host=localhost:5000, PathBase=, Path=/api/PushMessage, QueryString=, EventId_Id=1, EventId_Name=, EventId=1
Request starting HTTP/1.1 POST http://localhost:5000/api/PushMessage application/json 599 
2017-12-18 11:17:54.5742| INFO ||Microsoft.AspNetCore.Mvc.Internal.ControllerActionInvoker|  |ActionName=PushServer.Controllers.PushMessageController.Post (PushServer), Arguments="PushServer.Model.PushMessage", ValidationState=Valid, EventId_Id=1, EventId_Name=, EventId=1
Executing action method PushServer.Controllers.PushMessageController.Post (PushServer) with arguments (PushServer.Model.PushMessage) - ModelState is Valid 
2017-12-18 11:17:55.3585| INFO ||Microsoft.AspNetCore.Mvc.Internal.ObjectResultExecutor|  |Value=Microsoft.AspNetCore.Mvc.ControllerContext, EventId_Id=1, EventId_Name=, EventId=1
Executing ObjectResult, writing value Microsoft.AspNetCore.Mvc.ControllerContext. 
2017-12-18 11:17:55.4301| INFO ||Microsoft.AspNetCore.Mvc.Internal.ControllerActionInvoker|  |ActionName=PushServer.Controllers.PushMessageController.Post (PushServer), ElapsedMilliseconds=1624.9773, EventId_Id=2, EventId_Name=, EventId=2
Executed action PushServer.Controllers.PushMessageController.Post (PushServer) in 1624.9773ms 
2017-12-18 11:17:55.5010| INFO ||Microsoft.AspNetCore.Hosting.Internal.WebHost|  |ElapsedMilliseconds=1921.5973, StatusCode=200, ContentType=application/json; charset=utf-8, EventId_Id=2, EventId_Name=, EventId=2
Request finished in 1921.5973ms 200 application/json; charset=utf-8 
