2017-12-13 10:04:06.5492-----------0001:PushServer Start Logging---------------------
2017-12-13 10:04:06.3091| INFO ||Microsoft.AspNetCore.Hosting.Internal.WebHost|  |Protocol=HTTP/1.1, Method=GET, ContentType=, ContentLength=, Scheme=http, Host=localhost:5000, PathBase=, Path=/, QueryString=, EventId_Id=1, EventId_Name=, EventId=1
Request starting HTTP/1.1 GET http://localhost:5000/   
2017-12-13 10:04:06.9819| INFO ||Microsoft.AspNetCore.Hosting.Internal.WebHost|  |ElapsedMilliseconds=693.2204, StatusCode=404, ContentType=, EventId_Id=2, EventId_Name=, EventId=2
Request finished in 693.2204ms 404  
2017-12-13 10:04:14.9923| INFO ||Microsoft.AspNetCore.Hosting.Internal.WebHost|  |Protocol=HTTP/1.1, Method=GET, ContentType=, ContentLength=, Scheme=http, Host=localhost:5000, PathBase=, Path=/api/PushMessage, QueryString=, EventId_Id=1, EventId_Name=, EventId=1
Request starting HTTP/1.1 GET http://localhost:5000/api/PushMessage   
2017-12-13 10:04:15.0368| INFO ||Microsoft.AspNetCore.Mvc.Internal.ControllerActionInvoker|  |ActionName=PushServer.Controllers.PushMessageController.Get (PushServer), Arguments=, ValidationState=Valid, EventId_Id=1, EventId_Name=, EventId=1
Executing action method PushServer.Controllers.PushMessageController.Get (PushServer) with arguments ((null)) - ModelState is Valid 
2017-12-13 10:04:15.1471| INFO ||Microsoft.AspNetCore.Mvc.Internal.ObjectResultExecutor|  |Value=Microsoft.AspNetCore.Mvc.ControllerContext, EventId_Id=1, EventId_Name=, EventId=1
Executing ObjectResult, writing value Microsoft.AspNetCore.Mvc.ControllerContext. 
2017-12-13 10:04:15.2181| INFO ||Microsoft.AspNetCore.Mvc.Internal.ControllerActionInvoker|  |ActionName=PushServer.Controllers.PushMessageController.Get (PushServer), ElapsedMilliseconds=190.2684, EventId_Id=2, EventId_Name=, EventId=2
Executed action PushServer.Controllers.PushMessageController.Get (PushServer) in 190.2684ms 
2017-12-13 10:04:15.2181| INFO ||Microsoft.AspNetCore.Hosting.Internal.WebHost|  |ElapsedMilliseconds=236.8031, StatusCode=200, ContentType=application/json; charset=utf-8, EventId_Id=2, EventId_Name=, EventId=2
Request finished in 236.8031ms 200 application/json; charset=utf-8 
2017-12-13 10:04:36.4551| INFO ||Microsoft.AspNetCore.Hosting.Internal.WebHost|  |Protocol=HTTP/1.1, Method=GET, ContentType=, ContentLength=, Scheme=http, Host=localhost:5000, PathBase=, Path=/api/PushMessage, QueryString=, EventId_Id=1, EventId_Name=, EventId=1
Request starting HTTP/1.1 GET http://localhost:5000/api/PushMessage   
2017-12-13 10:04:36.4688| INFO ||Microsoft.AspNetCore.Mvc.Internal.ControllerActionInvoker|  |ActionName=PushServer.Controllers.PushMessageController.Get (PushServer), Arguments=, ValidationState=Valid, EventId_Id=1, EventId_Name=, EventId=1
Executing action method PushServer.Controllers.PushMessageController.Get (PushServer) with arguments ((null)) - ModelState is Valid 
2017-12-13 10:04:36.4907| INFO ||Microsoft.AspNetCore.Mvc.Internal.ObjectResultExecutor|  |Value=Microsoft.AspNetCore.Mvc.ControllerContext, EventId_Id=1, EventId_Name=, EventId=1
Executing ObjectResult, writing value Microsoft.AspNetCore.Mvc.ControllerContext. 
2017-12-13 10:04:36.5065| INFO ||Microsoft.AspNetCore.Mvc.Internal.ControllerActionInvoker|  |ActionName=PushServer.Controllers.PushMessageController.Get (PushServer), ElapsedMilliseconds=44.8768, EventId_Id=2, EventId_Name=, EventId=2
Executed action PushServer.Controllers.PushMessageController.Get (PushServer) in 44.8768ms 
2017-12-13 10:04:36.5174| INFO ||Microsoft.AspNetCore.Hosting.Internal.WebHost|  |ElapsedMilliseconds=62.3333, StatusCode=200, ContentType=application/json; charset=utf-8, EventId_Id=2, EventId_Name=, EventId=2
Request finished in 62.3333ms 200 application/json; charset=utf-8 
2017-12-13 10:06:46.3808| INFO ||Microsoft.AspNetCore.Hosting.Internal.WebHost|  |Protocol=HTTP/1.1, Method=GET, ContentType=, ContentLength=, Scheme=http, Host=localhost:5000, PathBase=, Path=/api/PushMessage, QueryString=, EventId_Id=1, EventId_Name=, EventId=1
Request starting HTTP/1.1 GET http://localhost:5000/api/PushMessage   
2017-12-13 10:06:46.6242| INFO ||Microsoft.AspNetCore.Mvc.Internal.ControllerActionInvoker|  |ActionName=PushServer.Controllers.PushMessageController.Get (PushServer), Arguments=, ValidationState=Valid, EventId_Id=1, EventId_Name=, EventId=1
Executing action method PushServer.Controllers.PushMessageController.Get (PushServer) with arguments ((null)) - ModelState is Valid 
2017-12-13 10:06:46.7080| INFO ||Microsoft.AspNetCore.Mvc.Internal.ControllerActionInvoker|  |ActionName=PushServer.Controllers.PushMessageController.Get (PushServer), ElapsedMilliseconds=92.5648, EventId_Id=2, EventId_Name=, EventId=2
Executed action PushServer.Controllers.PushMessageController.Get (PushServer) in 92.5648ms 
2017-12-13 10:06:46.7740|ERROR ||Microsoft.AspNetCore.Server.Kestrel|  |ConnectionId=0HLA1POKSMN6M, TraceIdentifier=0HLA1POKSMN6M:00000001, EventId_Id=13, EventId_Name=, EventId=13
Connection id "0HLA1POKSMN6M", Request id "0HLA1POKSMN6M:00000001": An unhandled exception was thrown by the application.System.Exception: Self , ERROR
   at PushServer.Controllers.PushMessageController.Get() in D:\Workspace\Foya\FoyaService\DotNetCore\PushServer\Controllers\PushMessageController.cs:line 30
   at lambda_method(Closure , Object , Object[] )
   at Microsoft.Extensions.Internal.ObjectMethodExecutor.Execute(Object target, Object[] parameters)
   at Microsoft.AspNetCore.Mvc.Internal.ControllerActionInvoker.<InvokeActionMethodAsync>d__12.MoveNext()
--- End of stack trace from previous location where exception was thrown ---
   at System.Runtime.ExceptionServices.ExceptionDispatchInfo.Throw()
   at System.Runtime.CompilerServices.TaskAwaiter.HandleNonSuccessAndDebuggerNotification(Task task)
   at Microsoft.AspNetCore.Mvc.Internal.ControllerActionInvoker.<InvokeNextActionFilterAsync>d__10.MoveNext()
--- End of stack trace from previous location where exception was thrown ---
   at System.Runtime.ExceptionServices.ExceptionDispatchInfo.Throw()
   at Microsoft.AspNetCore.Mvc.Internal.ControllerActionInvoker.Rethrow(ActionExecutedContext context)
   at Microsoft.AspNetCore.Mvc.Internal.ControllerActionInvoker.Next(State& next, Scope& scope, Object& state, Boolean& isCompleted)
   at Microsoft.AspNetCore.Mvc.Internal.ControllerActionInvoker.<InvokeInnerFilterAsync>d__14.MoveNext()
--- End of stack trace from previous location where exception was thrown ---
   at System.Runtime.ExceptionServices.ExceptionDispatchInfo.Throw()
   at System.Runtime.CompilerServices.TaskAwaiter.HandleNonSuccessAndDebuggerNotification(Task task)
   at Microsoft.AspNetCore.Mvc.Internal.ResourceInvoker.<InvokeNextResourceFilter>d__22.MoveNext()
--- End of stack trace from previous location where exception was thrown ---
   at System.Runtime.ExceptionServices.ExceptionDispatchInfo.Throw()
   at Microsoft.AspNetCore.Mvc.Internal.ResourceInvoker.Rethrow(ResourceExecutedContext context)
   at Microsoft.AspNetCore.Mvc.Internal.ResourceInvoker.Next(State& next, Scope& scope, Object& state, Boolean& isCompleted)
   at Microsoft.AspNetCore.Mvc.Internal.ResourceInvoker.<InvokeFilterPipelineAsync>d__17.MoveNext()
--- End of stack trace from previous location where exception was thrown ---
   at System.Runtime.ExceptionServices.ExceptionDispatchInfo.Throw()
   at System.Runtime.CompilerServices.TaskAwaiter.HandleNonSuccessAndDebuggerNotification(Task task)
   at Microsoft.AspNetCore.Mvc.Internal.ResourceInvoker.<InvokeAsync>d__15.MoveNext()
--- End of stack trace from previous location where exception was thrown ---
   at System.Runtime.ExceptionServices.ExceptionDispatchInfo.Throw()
   at System.Runtime.CompilerServices.TaskAwaiter.HandleNonSuccessAndDebuggerNotification(Task task)
   at Microsoft.AspNetCore.Builder.RouterMiddleware.<Invoke>d__4.MoveNext()
--- End of stack trace from previous location where exception was thrown ---
   at System.Runtime.ExceptionServices.ExceptionDispatchInfo.Throw()
   at System.Runtime.CompilerServices.TaskAwaiter.HandleNonSuccessAndDebuggerNotification(Task task)
   at Microsoft.AspNetCore.Hosting.Internal.RequestServicesContainerMiddleware.<Invoke>d__3.MoveNext()
--- End of stack trace from previous location where exception was thrown ---
   at System.Runtime.ExceptionServices.ExceptionDispatchInfo.Throw()
   at System.Runtime.CompilerServices.TaskAwaiter.HandleNonSuccessAndDebuggerNotification(Task task)
   at Microsoft.AspNetCore.Server.Kestrel.Core.Internal.Http.Frame`1.<ProcessRequestsAsync>d__2.MoveNext() 
2017-12-13 10:06:46.8517| INFO ||Microsoft.AspNetCore.Hosting.Internal.WebHost|  |ElapsedMilliseconds=476.5551, StatusCode=500, ContentType=, EventId_Id=2, EventId_Name=, EventId=2
Request finished in 476.5551ms 500  
2017-12-13 10:07:36.9994-----------0001:PushServer End   Logging---------------------
2017-12-13 10:11:29.8767| INFO ||Microsoft.AspNetCore.Hosting.Internal.WebHost|  |Protocol=HTTP/1.1, Method=GET, ContentType=, ContentLength=, Scheme=http, Host=localhost:5000, PathBase=, Path=/api/PushMessage, QueryString=, EventId_Id=1, EventId_Name=, EventId=1
Request starting HTTP/1.1 GET http://localhost:5000/api/PushMessage   
2017-12-13 10:11:30.0609| INFO ||Microsoft.AspNetCore.Mvc.Internal.ControllerActionInvoker|  |ActionName=PushServer.Controllers.PushMessageController.Get (PushServer), Arguments=, ValidationState=Valid, EventId_Id=1, EventId_Name=, EventId=1
Executing action method PushServer.Controllers.PushMessageController.Get (PushServer) with arguments ((null)) - ModelState is Valid 
2017-12-13 10:11:30.0942| INFO ||Microsoft.AspNetCore.Mvc.Internal.ControllerActionInvoker|  |ActionName=PushServer.Controllers.PushMessageController.Get (PushServer), ElapsedMilliseconds=41.3364, EventId_Id=2, EventId_Name=, EventId=2
Executed action PushServer.Controllers.PushMessageController.Get (PushServer) in 41.3364ms 
2017-12-13 10:11:30.1244|ERROR ||Microsoft.AspNetCore.Server.Kestrel|  |ConnectionId=0HLA1PR9CHE07, TraceIdentifier=0HLA1PR9CHE07:00000001, EventId_Id=13, EventId_Name=, EventId=13
Connection id "0HLA1PR9CHE07", Request id "0HLA1PR9CHE07:00000001": An unhandled exception was thrown by the application.System.Exception: Self , ERROR
   at PushServer.Controllers.PushMessageController.Get() in D:\Workspace\Foya\FoyaService\DotNetCore\PushServer\Controllers\PushMessageController.cs:line 30
   at lambda_method(Closure , Object , Object[] )
   at Microsoft.Extensions.Internal.ObjectMethodExecutor.Execute(Object target, Object[] parameters)
   at Microsoft.AspNetCore.Mvc.Internal.ControllerActionInvoker.<InvokeActionMethodAsync>d__12.MoveNext()
--- End of stack trace from previous location where exception was thrown ---
   at System.Runtime.ExceptionServices.ExceptionDispatchInfo.Throw()
   at System.Runtime.CompilerServices.TaskAwaiter.HandleNonSuccessAndDebuggerNotification(Task task)
   at Microsoft.AspNetCore.Mvc.Internal.ControllerActionInvoker.<InvokeNextActionFilterAsync>d__10.MoveNext()
--- End of stack trace from previous location where exception was thrown ---
   at System.Runtime.ExceptionServices.ExceptionDispatchInfo.Throw()
   at Microsoft.AspNetCore.Mvc.Internal.ControllerActionInvoker.Rethrow(ActionExecutedContext context)
   at Microsoft.AspNetCore.Mvc.Internal.ControllerActionInvoker.Next(State& next, Scope& scope, Object& state, Boolean& isCompleted)
   at Microsoft.AspNetCore.Mvc.Internal.ControllerActionInvoker.<InvokeInnerFilterAsync>d__14.MoveNext()
--- End of stack trace from previous location where exception was thrown ---
   at System.Runtime.ExceptionServices.ExceptionDispatchInfo.Throw()
   at System.Runtime.CompilerServices.TaskAwaiter.HandleNonSuccessAndDebuggerNotification(Task task)
   at Microsoft.AspNetCore.Mvc.Internal.ResourceInvoker.<InvokeNextResourceFilter>d__22.MoveNext()
--- End of stack trace from previous location where exception was thrown ---
   at System.Runtime.ExceptionServices.ExceptionDispatchInfo.Throw()
   at Microsoft.AspNetCore.Mvc.Internal.ResourceInvoker.Rethrow(ResourceExecutedContext context)
   at Microsoft.AspNetCore.Mvc.Internal.ResourceInvoker.Next(State& next, Scope& scope, Object& state, Boolean& isCompleted)
   at Microsoft.AspNetCore.Mvc.Internal.ResourceInvoker.<InvokeFilterPipelineAsync>d__17.MoveNext()
--- End of stack trace from previous location where exception was thrown ---
   at System.Runtime.ExceptionServices.ExceptionDispatchInfo.Throw()
   at System.Runtime.CompilerServices.TaskAwaiter.HandleNonSuccessAndDebuggerNotification(Task task)
   at Microsoft.AspNetCore.Mvc.Internal.ResourceInvoker.<InvokeAsync>d__15.MoveNext()
--- End of stack trace from previous location where exception was thrown ---
   at System.Runtime.ExceptionServices.ExceptionDispatchInfo.Throw()
   at System.Runtime.CompilerServices.TaskAwaiter.HandleNonSuccessAndDebuggerNotification(Task task)
   at Microsoft.AspNetCore.Builder.RouterMiddleware.<Invoke>d__4.MoveNext()
--- End of stack trace from previous location where exception was thrown ---
   at System.Runtime.ExceptionServices.ExceptionDispatchInfo.Throw()
   at System.Runtime.CompilerServices.TaskAwaiter.HandleNonSuccessAndDebuggerNotification(Task task)
   at Microsoft.AspNetCore.Hosting.Internal.RequestServicesContainerMiddleware.<Invoke>d__3.MoveNext()
--- End of stack trace from previous location where exception was thrown ---
   at System.Runtime.ExceptionServices.ExceptionDispatchInfo.Throw()
   at System.Runtime.CompilerServices.TaskAwaiter.HandleNonSuccessAndDebuggerNotification(Task task)
   at Microsoft.AspNetCore.Server.Kestrel.Core.Internal.Http.Frame`1.<ProcessRequestsAsync>d__2.MoveNext() 
2017-12-13 10:11:30.1945| INFO ||Microsoft.AspNetCore.Hosting.Internal.WebHost|  |ElapsedMilliseconds=322.0568, StatusCode=500, ContentType=, EventId_Id=2, EventId_Name=, EventId=2
Request finished in 322.0568ms 500  
2017-12-13 10:12:12.5890-----------0001:PushServer End   Logging---------------------
2017-12-13 10:12:43.2353| INFO ||Microsoft.AspNetCore.Hosting.Internal.WebHost|  |Protocol=HTTP/1.1, Method=GET, ContentType=, ContentLength=, Scheme=http, Host=localhost:5000, PathBase=, Path=/api/PushMessage, QueryString=, EventId_Id=1, EventId_Name=, EventId=1
Request starting HTTP/1.1 GET http://localhost:5000/api/PushMessage   
2017-12-13 10:12:43.4509| INFO ||Microsoft.AspNetCore.Mvc.Internal.ControllerActionInvoker|  |ActionName=PushServer.Controllers.PushMessageController.Get (PushServer), Arguments=, ValidationState=Valid, EventId_Id=1, EventId_Name=, EventId=1
Executing action method PushServer.Controllers.PushMessageController.Get (PushServer) with arguments ((null)) - ModelState is Valid 
2017-12-13 10:12:43.4884| INFO ||Microsoft.AspNetCore.Mvc.Internal.ControllerActionInvoker|  |ActionName=PushServer.Controllers.PushMessageController.Get (PushServer), ElapsedMilliseconds=45.3066, EventId_Id=2, EventId_Name=, EventId=2
Executed action PushServer.Controllers.PushMessageController.Get (PushServer) in 45.3066ms 
2017-12-13 10:12:43.6111| INFO ||Microsoft.AspNetCore.Hosting.Internal.WebHost|  |ElapsedMilliseconds=380.9262, StatusCode=500, ContentType=application/json, EventId_Id=2, EventId_Name=, EventId=2
Request finished in 380.9262ms 500 application/json 
2017-12-13 10:13:18.6592-----------0001:PushServer End   Logging---------------------
2017-12-13 10:40:55.7710| INFO ||Microsoft.AspNetCore.Hosting.Internal.WebHost|  |Protocol=HTTP/1.1, Method=GET, ContentType=, ContentLength=, Scheme=http, Host=localhost:5000, PathBase=, Path=/, QueryString=, EventId_Id=1, EventId_Name=, EventId=1
Request starting HTTP/1.1 GET http://localhost:5000/   
2017-12-13 10:40:56.5214| INFO ||Microsoft.AspNetCore.Hosting.Internal.WebHost|  |ElapsedMilliseconds=758.6706, StatusCode=404, ContentType=, EventId_Id=2, EventId_Name=, EventId=2
Request finished in 758.6706ms 404  
2017-12-13 10:41:05.5855| INFO ||Microsoft.AspNetCore.Hosting.Internal.WebHost|  |Protocol=HTTP/1.1, Method=GET, ContentType=, ContentLength=, Scheme=http, Host=localhost:5000, PathBase=, Path=/api/PushMessage, QueryString=, EventId_Id=1, EventId_Name=, EventId=1
Request starting HTTP/1.1 GET http://localhost:5000/api/PushMessage   
2017-12-13 10:41:05.6357| INFO ||Microsoft.AspNetCore.Mvc.Internal.ControllerActionInvoker|  |ActionName=PushServer.Controllers.PushMessageController.Get (PushServer), Arguments=, ValidationState=Valid, EventId_Id=1, EventId_Name=, EventId=1
Executing action method PushServer.Controllers.PushMessageController.Get (PushServer) with arguments ((null)) - ModelState is Valid 
2017-12-13 10:41:05.6714| INFO ||Microsoft.AspNetCore.Mvc.Internal.ObjectResultExecutor|  |Value=Microsoft.AspNetCore.Mvc.ControllerContext, EventId_Id=1, EventId_Name=, EventId=1
Executing ObjectResult, writing value Microsoft.AspNetCore.Mvc.ControllerContext. 
2017-12-13 10:41:05.7408| INFO ||Microsoft.AspNetCore.Mvc.Internal.ControllerActionInvoker|  |ActionName=PushServer.Controllers.PushMessageController.Get (PushServer), ElapsedMilliseconds=114.0231, EventId_Id=2, EventId_Name=, EventId=2
Executed action PushServer.Controllers.PushMessageController.Get (PushServer) in 114.0231ms 
2017-12-13 10:41:05.7654| INFO ||Microsoft.AspNetCore.Hosting.Internal.WebHost|  |ElapsedMilliseconds=179.9053, StatusCode=200, ContentType=application/json; charset=utf-8, EventId_Id=2, EventId_Name=, EventId=2
Request finished in 179.9053ms 200 application/json; charset=utf-8 
2017-12-13 10:41:25.8266| INFO ||Microsoft.AspNetCore.Hosting.Internal.WebHost|  |Protocol=HTTP/1.1, Method=GET, ContentType=, ContentLength=, Scheme=http, Host=localhost:5000, PathBase=, Path=/api/PushMessage, QueryString=, EventId_Id=1, EventId_Name=, EventId=1
Request starting HTTP/1.1 GET http://localhost:5000/api/PushMessage   
2017-12-13 10:41:25.8818| INFO ||Microsoft.AspNetCore.Mvc.Internal.ControllerActionInvoker|  |ActionName=PushServer.Controllers.PushMessageController.Get (PushServer), Arguments=, ValidationState=Valid, EventId_Id=1, EventId_Name=, EventId=1
Executing action method PushServer.Controllers.PushMessageController.Get (PushServer) with arguments ((null)) - ModelState is Valid 
2017-12-13 10:41:25.9061| INFO ||Microsoft.AspNetCore.Mvc.Internal.ObjectResultExecutor|  |Value=Microsoft.AspNetCore.Mvc.ControllerContext, EventId_Id=1, EventId_Name=, EventId=1
Executing ObjectResult, writing value Microsoft.AspNetCore.Mvc.ControllerContext. 
2017-12-13 10:41:25.9247| INFO ||Microsoft.AspNetCore.Mvc.Internal.ControllerActionInvoker|  |ActionName=PushServer.Controllers.PushMessageController.Get (PushServer), ElapsedMilliseconds=43.2564, EventId_Id=2, EventId_Name=, EventId=2
Executed action PushServer.Controllers.PushMessageController.Get (PushServer) in 43.2564ms 
2017-12-13 10:41:25.9685| INFO ||Microsoft.AspNetCore.Hosting.Internal.WebHost|  |ElapsedMilliseconds=141.8906, StatusCode=200, ContentType=application/json; charset=utf-8, EventId_Id=2, EventId_Name=, EventId=2
Request finished in 141.8906ms 200 application/json; charset=utf-8 
2017-12-13 10:43:08.2912| INFO ||Microsoft.AspNetCore.Hosting.Internal.WebHost|  |Protocol=HTTP/1.1, Method=GET, ContentType=, ContentLength=, Scheme=http, Host=localhost:5000, PathBase=, Path=/, QueryString=, EventId_Id=1, EventId_Name=, EventId=1
Request starting HTTP/1.1 GET http://localhost:5000/   
2017-12-13 10:43:08.7924| INFO ||Microsoft.AspNetCore.Hosting.Internal.WebHost|  |ElapsedMilliseconds=506.8644, StatusCode=404, ContentType=, EventId_Id=2, EventId_Name=, EventId=2
Request finished in 506.8644ms 404  
2017-12-13 10:43:13.1832| INFO ||Microsoft.AspNetCore.Hosting.Internal.WebHost|  |Protocol=HTTP/1.1, Method=GET, ContentType=, ContentLength=, Scheme=http, Host=localhost:5000, PathBase=, Path=/api/PushMessage, QueryString=, EventId_Id=1, EventId_Name=, EventId=1
Request starting HTTP/1.1 GET http://localhost:5000/api/PushMessage   
2017-12-13 10:43:28.4878| INFO ||Microsoft.AspNetCore.Mvc.Internal.ControllerActionInvoker|  |ActionName=PushServer.Controllers.PushMessageController.Get (PushServer), ElapsedMilliseconds=15260.7542, EventId_Id=2, EventId_Name=, EventId=2
Executed action PushServer.Controllers.PushMessageController.Get (PushServer) in 15260.7542ms 
2017-12-13 10:43:28.6447| INFO ||Microsoft.AspNetCore.Hosting.Internal.WebHost|  |ElapsedMilliseconds=15461.5208, StatusCode=500, ContentType=application/json, EventId_Id=2, EventId_Name=, EventId=2
Request finished in 15461.5208ms 500 application/json 
2017-12-13 11:03:28.8744| INFO ||Microsoft.AspNetCore.Hosting.Internal.WebHost|  |Protocol=HTTP/1.1, Method=GET, ContentType=, ContentLength=, Scheme=http, Host=localhost:5000, PathBase=, Path=/, QueryString=, EventId_Id=1, EventId_Name=, EventId=1
Request starting HTTP/1.1 GET http://localhost:5000/   
2017-12-13 11:03:29.3023| INFO ||Microsoft.AspNetCore.Hosting.Internal.WebHost|  |ElapsedMilliseconds=440.1373, StatusCode=404, ContentType=, EventId_Id=2, EventId_Name=, EventId=2
Request finished in 440.1373ms 404  
2017-12-13 11:03:35.3886| INFO ||Microsoft.AspNetCore.Hosting.Internal.WebHost|  |Protocol=HTTP/1.1, Method=GET, ContentType=, ContentLength=, Scheme=http, Host=localhost:5000, PathBase=, Path=/api/PushMessage, QueryString=, EventId_Id=1, EventId_Name=, EventId=1
Request starting HTTP/1.1 GET http://localhost:5000/api/PushMessage   
2017-12-13 11:03:42.6844| INFO ||Microsoft.AspNetCore.Mvc.Internal.ControllerActionInvoker|  |ActionName=PushServer.Controllers.PushMessageController.Get (PushServer), ElapsedMilliseconds=7250.7013, EventId_Id=2, EventId_Name=, EventId=2
Executed action PushServer.Controllers.PushMessageController.Get (PushServer) in 7250.7013ms 
2017-12-13 11:03:42.8295| INFO ||Microsoft.AspNetCore.Hosting.Internal.WebHost|  |ElapsedMilliseconds=7440.8955, StatusCode=500, ContentType=application/json, EventId_Id=2, EventId_Name=, EventId=2
Request finished in 7440.8955ms 500 application/json 
2017-12-13 11:04:22.6353| INFO ||Microsoft.AspNetCore.Hosting.Internal.WebHost|  |Protocol=HTTP/1.1, Method=GET, ContentType=, ContentLength=, Scheme=http, Host=localhost:5000, PathBase=, Path=/, QueryString=, EventId_Id=1, EventId_Name=, EventId=1
Request starting HTTP/1.1 GET http://localhost:5000/   
2017-12-13 11:04:22.9999| INFO ||Microsoft.AspNetCore.Hosting.Internal.WebHost|  |ElapsedMilliseconds=371.3573, StatusCode=404, ContentType=, EventId_Id=2, EventId_Name=, EventId=2
Request finished in 371.3573ms 404  
2017-12-13 11:04:26.2726| INFO ||Microsoft.AspNetCore.Hosting.Internal.WebHost|  |Protocol=HTTP/1.1, Method=GET, ContentType=, ContentLength=, Scheme=http, Host=localhost:5000, PathBase=, Path=/api/PushMessage, QueryString=, EventId_Id=1, EventId_Name=, EventId=1
Request starting HTTP/1.1 GET http://localhost:5000/api/PushMessage   
2017-12-13 11:04:30.9514| INFO ||Microsoft.AspNetCore.Mvc.Internal.ControllerActionInvoker|  |ActionName=PushServer.Controllers.PushMessageController.Get (PushServer), ElapsedMilliseconds=4628.5333, EventId_Id=2, EventId_Name=, EventId=2
Executed action PushServer.Controllers.PushMessageController.Get (PushServer) in 4628.5333ms 
2017-12-13 11:04:31.0806| INFO ||Microsoft.AspNetCore.Hosting.Internal.WebHost|  |ElapsedMilliseconds=4807.3515, StatusCode=500, ContentType=application/json, EventId_Id=2, EventId_Name=, EventId=2
Request finished in 4807.3515ms 500 application/json 
2017-12-13 11:10:32.8931| INFO ||Microsoft.AspNetCore.Hosting.Internal.WebHost|  |Protocol=HTTP/1.1, Method=GET, ContentType=, ContentLength=, Scheme=http, Host=localhost:5000, PathBase=, Path=/, QueryString=, EventId_Id=1, EventId_Name=, EventId=1
Request starting HTTP/1.1 GET http://localhost:5000/   
2017-12-13 11:10:33.2322| INFO ||Microsoft.AspNetCore.Hosting.Internal.WebHost|  |ElapsedMilliseconds=361.9182, StatusCode=404, ContentType=, EventId_Id=2, EventId_Name=, EventId=2
Request finished in 361.9182ms 404  
2017-12-13 11:10:36.4933| INFO ||Microsoft.AspNetCore.Hosting.Internal.WebHost|  |Protocol=HTTP/1.1, Method=GET, ContentType=, ContentLength=, Scheme=http, Host=localhost:5000, PathBase=, Path=/api/PushMessage, QueryString=, EventId_Id=1, EventId_Name=, EventId=1
Request starting HTTP/1.1 GET http://localhost:5000/api/PushMessage   
2017-12-13 11:10:40.8746| INFO ||Microsoft.AspNetCore.Mvc.Internal.ControllerActionInvoker|  |ActionName=PushServer.Controllers.PushMessageController.Get (PushServer), ElapsedMilliseconds=4321.5133, EventId_Id=2, EventId_Name=, EventId=2
Executed action PushServer.Controllers.PushMessageController.Get (PushServer) in 4321.5133ms 
2017-12-13 11:10:41.0905| INFO ||Microsoft.AspNetCore.Hosting.Internal.WebHost|  |ElapsedMilliseconds=4597.144, StatusCode=403, ContentType=application/json, EventId_Id=2, EventId_Name=, EventId=2
Request finished in 4597.144ms 403 application/json 
2017-12-13 15:42:53.6146| INFO ||Microsoft.AspNetCore.Hosting.Internal.WebHost|  |Protocol=HTTP/1.1, Method=GET, ContentType=, ContentLength=, Scheme=http, Host=localhost:5000, PathBase=, Path=/, QueryString=, EventId_Id=1, EventId_Name=, EventId=1
Request starting HTTP/1.1 GET http://localhost:5000/   
2017-12-13 15:42:54.3771| INFO ||Microsoft.AspNetCore.Hosting.Internal.WebHost|  |ElapsedMilliseconds=768.4462, StatusCode=404, ContentType=, EventId_Id=2, EventId_Name=, EventId=2
Request finished in 768.4462ms 404  
2017-12-13 15:42:56.5730| INFO ||Microsoft.AspNetCore.Hosting.Internal.WebHost|  |Protocol=HTTP/1.1, Method=GET, ContentType=, ContentLength=, Scheme=http, Host=localhost:5000, PathBase=, Path=/api/PushMessage, QueryString=, EventId_Id=1, EventId_Name=, EventId=1
Request starting HTTP/1.1 GET http://localhost:5000/api/PushMessage   
2017-12-13 15:59:04.4803| INFO ||Microsoft.AspNetCore.Hosting.Internal.WebHost|  |Protocol=HTTP/1.1, Method=GET, ContentType=, ContentLength=, Scheme=http, Host=localhost:5000, PathBase=, Path=/, QueryString=, EventId_Id=1, EventId_Name=, EventId=1
Request starting HTTP/1.1 GET http://localhost:5000/   
2017-12-13 15:59:04.8557| INFO ||Microsoft.AspNetCore.Hosting.Internal.WebHost|  |ElapsedMilliseconds=391.4591, StatusCode=404, ContentType=, EventId_Id=2, EventId_Name=, EventId=2
Request finished in 391.4591ms 404  
2017-12-13 15:59:12.4074| INFO ||Microsoft.AspNetCore.Hosting.Internal.WebHost|  |Protocol=HTTP/1.1, Method=GET, ContentType=, ContentLength=, Scheme=http, Host=localhost:5000, PathBase=, Path=/api/PushMessage, QueryString=, EventId_Id=1, EventId_Name=, EventId=1
Request starting HTTP/1.1 GET http://localhost:5000/api/PushMessage   
2017-12-13 15:59:13.0104| INFO ||Microsoft.AspNetCore.Mvc.Internal.ControllerActionInvoker|  |ActionName=PushServer.Controllers.PushMessageController.Get (PushServer), Arguments=, ValidationState=Valid, EventId_Id=1, EventId_Name=, EventId=1
Executing action method PushServer.Controllers.PushMessageController.Get (PushServer) with arguments ((null)) - ModelState is Valid 
2017-12-13 15:59:42.6955| INFO ||Microsoft.AspNetCore.Hosting.Internal.WebHost|  |Protocol=HTTP/1.1, Method=GET, ContentType=, ContentLength=, Scheme=http, Host=localhost:5000, PathBase=, Path=/api/PushMessage, QueryString=, EventId_Id=1, EventId_Name=, EventId=1
Request starting HTTP/1.1 GET http://localhost:5000/api/PushMessage   
2017-12-13 15:59:42.7314| INFO ||Microsoft.AspNetCore.Mvc.Internal.ControllerActionInvoker|  |ActionName=PushServer.Controllers.PushMessageController.Get (PushServer), Arguments=, ValidationState=Valid, EventId_Id=1, EventId_Name=, EventId=1
Executing action method PushServer.Controllers.PushMessageController.Get (PushServer) with arguments ((null)) - ModelState is Valid 
2017-12-13 15:59:43.4440| INFO ||Microsoft.AspNetCore.Mvc.Internal.ControllerActionInvoker|  |ActionName=PushServer.Controllers.PushMessageController.Get (PushServer), ElapsedMilliseconds=30992.7715, EventId_Id=2, EventId_Name=, EventId=2
Executed action PushServer.Controllers.PushMessageController.Get (PushServer) in 30992.7715ms 
2017-12-13 15:59:43.8176| INFO ||Microsoft.AspNetCore.Hosting.Internal.WebHost|  |ElapsedMilliseconds=31410.1631, StatusCode=500, ContentType=application/json, EventId_Id=2, EventId_Name=, EventId=2
Request finished in 31410.1631ms 500 application/json 
2017-12-13 16:00:12.8669| INFO ||Microsoft.AspNetCore.Mvc.Internal.ControllerActionInvoker|  |ActionName=PushServer.Controllers.PushMessageController.Get (PushServer), ElapsedMilliseconds=30139.3502, EventId_Id=2, EventId_Name=, EventId=2
Executed action PushServer.Controllers.PushMessageController.Get (PushServer) in 30139.3502ms 
2017-12-13 16:00:13.0127| INFO ||Microsoft.AspNetCore.Hosting.Internal.WebHost|  |ElapsedMilliseconds=30317.1982, StatusCode=500, ContentType=application/json, EventId_Id=2, EventId_Name=, EventId=2
Request finished in 30317.1982ms 500 application/json 
2017-12-13 16:01:38.3372| INFO ||Microsoft.AspNetCore.Hosting.Internal.WebHost|  |Protocol=HTTP/1.1, Method=GET, ContentType=, ContentLength=, Scheme=http, Host=localhost:5000, PathBase=, Path=/, QueryString=, EventId_Id=1, EventId_Name=, EventId=1
Request starting HTTP/1.1 GET http://localhost:5000/   
2017-12-13 16:01:38.7427| INFO ||Microsoft.AspNetCore.Hosting.Internal.WebHost|  |ElapsedMilliseconds=426.5728, StatusCode=404, ContentType=, EventId_Id=2, EventId_Name=, EventId=2
Request finished in 426.5728ms 404  
2017-12-13 16:01:45.0588| INFO ||Microsoft.AspNetCore.Hosting.Internal.WebHost|  |Protocol=HTTP/1.1, Method=GET, ContentType=, ContentLength=, Scheme=http, Host=localhost:5000, PathBase=, Path=/api/PushMessage, QueryString=, EventId_Id=1, EventId_Name=, EventId=1
Request starting HTTP/1.1 GET http://localhost:5000/api/PushMessage   
2017-12-13 16:01:45.5281| INFO ||Microsoft.AspNetCore.Mvc.Internal.ControllerActionInvoker|  |ActionName=PushServer.Controllers.PushMessageController.Get (PushServer), Arguments=, ValidationState=Valid, EventId_Id=1, EventId_Name=, EventId=1
Executing action method PushServer.Controllers.PushMessageController.Get (PushServer) with arguments ((null)) - ModelState is Valid 
2017-12-13 16:01:46.1679| INFO ||Microsoft.AspNetCore.Mvc.Internal.ControllerActionInvoker|  |ActionName=PushServer.Controllers.PushMessageController.Get (PushServer), ElapsedMilliseconds=1062.0435, EventId_Id=2, EventId_Name=, EventId=2
Executed action PushServer.Controllers.PushMessageController.Get (PushServer) in 1062.0435ms 
2017-12-13 16:01:46.4216| INFO ||Microsoft.AspNetCore.Hosting.Internal.WebHost|  |ElapsedMilliseconds=1362.7635, StatusCode=500, ContentType=application/json, EventId_Id=2, EventId_Name=, EventId=2
Request finished in 1362.7635ms 500 application/json 
2017-12-13 16:02:30.6651| INFO ||Microsoft.AspNetCore.Hosting.Internal.WebHost|  |Protocol=HTTP/1.1, Method=GET, ContentType=, ContentLength=, Scheme=http, Host=localhost:5000, PathBase=, Path=/, QueryString=, EventId_Id=1, EventId_Name=, EventId=1
Request starting HTTP/1.1 GET http://localhost:5000/   
2017-12-13 16:02:31.0618| INFO ||Microsoft.AspNetCore.Hosting.Internal.WebHost|  |ElapsedMilliseconds=406.7777, StatusCode=404, ContentType=, EventId_Id=2, EventId_Name=, EventId=2
Request finished in 406.7777ms 404  
2017-12-13 16:02:35.9543| INFO ||Microsoft.AspNetCore.Hosting.Internal.WebHost|  |Protocol=HTTP/1.1, Method=GET, ContentType=, ContentLength=, Scheme=http, Host=localhost:5000, PathBase=, Path=/api/PushMessage, QueryString=, EventId_Id=1, EventId_Name=, EventId=1
Request starting HTTP/1.1 GET http://localhost:5000/api/PushMessage   
2017-12-13 16:02:36.3247| INFO ||Microsoft.AspNetCore.Mvc.Internal.ControllerActionInvoker|  |ActionName=PushServer.Controllers.PushMessageController.Get (PushServer), Arguments=, ValidationState=Valid, EventId_Id=1, EventId_Name=, EventId=1
Executing action method PushServer.Controllers.PushMessageController.Get (PushServer) with arguments ((null)) - ModelState is Valid 
2017-12-13 16:02:36.8109| INFO ||Microsoft.AspNetCore.Mvc.Internal.ObjectResultExecutor|  |Value=Microsoft.AspNetCore.Mvc.ControllerContext, EventId_Id=1, EventId_Name=, EventId=1
Executing ObjectResult, writing value Microsoft.AspNetCore.Mvc.ControllerContext. 
2017-12-13 16:02:36.8740| INFO ||Microsoft.AspNetCore.Mvc.Internal.ControllerActionInvoker|  |ActionName=PushServer.Controllers.PushMessageController.Get (PushServer), ElapsedMilliseconds=864.2791, EventId_Id=2, EventId_Name=, EventId=2
Executed action PushServer.Controllers.PushMessageController.Get (PushServer) in 864.2791ms 
2017-12-13 16:02:36.9645| INFO ||Microsoft.AspNetCore.Hosting.Internal.WebHost|  |ElapsedMilliseconds=1010.1791, StatusCode=200, ContentType=text/plain; charset=utf-8, EventId_Id=2, EventId_Name=, EventId=2
Request finished in 1010.1791ms 200 text/plain; charset=utf-8 
2017-12-13 17:27:15.0635| INFO ||Microsoft.AspNetCore.Hosting.Internal.WebHost|  |Protocol=HTTP/1.1, Method=GET, ContentType=, ContentLength=, Scheme=http, Host=localhost:5000, PathBase=, Path=/, QueryString=, EventId_Id=1, EventId_Name=, EventId=1
Request starting HTTP/1.1 GET http://localhost:5000/   
2017-12-13 17:27:15.6976| INFO ||Microsoft.AspNetCore.Hosting.Internal.WebHost|  |ElapsedMilliseconds=639.8057, StatusCode=404, ContentType=, EventId_Id=2, EventId_Name=, EventId=2
Request finished in 639.8057ms 404  
2017-12-13 17:27:29.0594| INFO ||Microsoft.AspNetCore.Hosting.Internal.WebHost|  |Protocol=HTTP/1.1, Method=GET, ContentType=application/json, ContentLength=, Scheme=http, Host=localhost:5000, PathBase=, Path=/api/PushMessage, QueryString=, EventId_Id=1, EventId_Name=, EventId=1
Request starting HTTP/1.1 GET http://localhost:5000/api/PushMessage application/json  
2017-12-13 17:27:30.0405| INFO ||Microsoft.AspNetCore.Mvc.Internal.ControllerActionInvoker|  |ActionName=PushServer.Controllers.PushMessageController.Get (PushServer), Arguments=, ValidationState=Valid, EventId_Id=1, EventId_Name=, EventId=1
Executing action method PushServer.Controllers.PushMessageController.Get (PushServer) with arguments ((null)) - ModelState is Valid 
2017-12-13 17:27:30.6391| INFO ||Microsoft.AspNetCore.Mvc.Internal.ObjectResultExecutor|  |Value=Microsoft.AspNetCore.Mvc.ControllerContext, EventId_Id=1, EventId_Name=, EventId=1
Executing ObjectResult, writing value Microsoft.AspNetCore.Mvc.ControllerContext. 
2017-12-13 17:27:30.7704| INFO ||Microsoft.AspNetCore.Mvc.Internal.ControllerActionInvoker|  |ActionName=PushServer.Controllers.PushMessageController.Get (PushServer), ElapsedMilliseconds=1529.7617, EventId_Id=2, EventId_Name=, EventId=2
Executed action PushServer.Controllers.PushMessageController.Get (PushServer) in 1529.7617ms 
2017-12-13 17:27:30.8620| INFO ||Microsoft.AspNetCore.Hosting.Internal.WebHost|  |ElapsedMilliseconds=1802.532, StatusCode=200, ContentType=text/plain; charset=utf-8, EventId_Id=2, EventId_Name=, EventId=2
Request finished in 1802.532ms 200 text/plain; charset=utf-8 
2017-12-13 17:29:22.4199| INFO ||Microsoft.AspNetCore.Hosting.Internal.WebHost|  |Protocol=HTTP/1.1, Method=GET, ContentType=application/json, ContentLength=, Scheme=http, Host=localhost:5000, PathBase=, Path=/api/PushMessage, QueryString=, EventId_Id=1, EventId_Name=, EventId=1
Request starting HTTP/1.1 GET http://localhost:5000/api/PushMessage application/json  
2017-12-13 17:29:22.5944| INFO ||Microsoft.AspNetCore.Mvc.Internal.ControllerActionInvoker|  |ActionName=PushServer.Controllers.PushMessageController.Get (PushServer), Arguments=, ValidationState=Valid, EventId_Id=1, EventId_Name=, EventId=1
Executing action method PushServer.Controllers.PushMessageController.Get (PushServer) with arguments ((null)) - ModelState is Valid 
2017-12-13 17:29:22.6295| INFO ||Microsoft.AspNetCore.Mvc.Internal.ObjectResultExecutor|  |Value=Microsoft.AspNetCore.Mvc.ControllerContext, EventId_Id=1, EventId_Name=, EventId=1
Executing ObjectResult, writing value Microsoft.AspNetCore.Mvc.ControllerContext. 
2017-12-13 17:29:22.6919| INFO ||Microsoft.AspNetCore.Mvc.Internal.ControllerActionInvoker|  |ActionName=PushServer.Controllers.PushMessageController.Get (PushServer), ElapsedMilliseconds=128.8275, EventId_Id=2, EventId_Name=, EventId=2
Executed action PushServer.Controllers.PushMessageController.Get (PushServer) in 128.8275ms 
2017-12-13 17:29:22.7982| INFO ||Microsoft.AspNetCore.Hosting.Internal.WebHost|  |ElapsedMilliseconds=378.3697, StatusCode=200, ContentType=application/json; charset=utf-8, EventId_Id=2, EventId_Name=, EventId=2
Request finished in 378.3697ms 200 application/json; charset=utf-8 
2017-12-13 17:29:44.7411| INFO ||Microsoft.AspNetCore.Hosting.Internal.WebHost|  |Protocol=HTTP/1.1, Method=GET, ContentType=, ContentLength=, Scheme=http, Host=localhost:5000, PathBase=, Path=/api/PushMessage, QueryString=, EventId_Id=1, EventId_Name=, EventId=1
Request starting HTTP/1.1 GET http://localhost:5000/api/PushMessage   
2017-12-13 17:29:44.7964| INFO ||Microsoft.AspNetCore.Mvc.Internal.ControllerActionInvoker|  |ActionName=PushServer.Controllers.PushMessageController.Get (PushServer), Arguments=, ValidationState=Valid, EventId_Id=1, EventId_Name=, EventId=1
Executing action method PushServer.Controllers.PushMessageController.Get (PushServer) with arguments ((null)) - ModelState is Valid 
2017-12-13 17:29:44.8271| INFO ||Microsoft.AspNetCore.Mvc.Internal.ObjectResultExecutor|  |Value=Microsoft.AspNetCore.Mvc.ControllerContext, EventId_Id=1, EventId_Name=, EventId=1
Executing ObjectResult, writing value Microsoft.AspNetCore.Mvc.ControllerContext. 
2017-12-13 17:29:44.8712| INFO ||Microsoft.AspNetCore.Mvc.Internal.ControllerActionInvoker|  |ActionName=PushServer.Controllers.PushMessageController.Get (PushServer), ElapsedMilliseconds=66.8573, EventId_Id=2, EventId_Name=, EventId=2
Executed action PushServer.Controllers.PushMessageController.Get (PushServer) in 66.8573ms 
2017-12-13 17:29:44.9637| INFO ||Microsoft.AspNetCore.Hosting.Internal.WebHost|  |ElapsedMilliseconds=222.6053, StatusCode=200, ContentType=application/json; charset=utf-8, EventId_Id=2, EventId_Name=, EventId=2
Request finished in 222.6053ms 200 application/json; charset=utf-8 
2017-12-13 17:29:49.3565| INFO ||Microsoft.AspNetCore.Hosting.Internal.WebHost|  |Protocol=HTTP/1.1, Method=GET, ContentType=, ContentLength=, Scheme=http, Host=localhost:5000, PathBase=, Path=/api/PushMessage, QueryString=, EventId_Id=1, EventId_Name=, EventId=1
Request starting HTTP/1.1 GET http://localhost:5000/api/PushMessage   
2017-12-13 17:29:49.3750| INFO ||Microsoft.AspNetCore.Mvc.Internal.ControllerActionInvoker|  |ActionName=PushServer.Controllers.PushMessageController.Get (PushServer), Arguments=, ValidationState=Valid, EventId_Id=1, EventId_Name=, EventId=1
Executing action method PushServer.Controllers.PushMessageController.Get (PushServer) with arguments ((null)) - ModelState is Valid 
2017-12-13 17:29:49.3962| INFO ||Microsoft.AspNetCore.Mvc.Internal.ObjectResultExecutor|  |Value=Microsoft.AspNetCore.Mvc.ControllerContext, EventId_Id=1, EventId_Name=, EventId=1
Executing ObjectResult, writing value Microsoft.AspNetCore.Mvc.ControllerContext. 
2017-12-13 17:29:49.4370| INFO ||Microsoft.AspNetCore.Mvc.Internal.ControllerActionInvoker|  |ActionName=PushServer.Controllers.PushMessageController.Get (PushServer), ElapsedMilliseconds=62.2346, EventId_Id=2, EventId_Name=, EventId=2
Executed action PushServer.Controllers.PushMessageController.Get (PushServer) in 62.2346ms 
2017-12-13 17:29:49.5922| INFO ||Microsoft.AspNetCore.Hosting.Internal.WebHost|  |ElapsedMilliseconds=235.6448, StatusCode=200, ContentType=text/plain; charset=utf-8, EventId_Id=2, EventId_Name=, EventId=2
Request finished in 235.6448ms 200 text/plain; charset=utf-8 
2017-12-13 17:33:16.2298| INFO ||Microsoft.AspNetCore.Hosting.Internal.WebHost|  |Protocol=HTTP/1.1, Method=GET, ContentType=, ContentLength=, Scheme=http, Host=localhost:5000, PathBase=, Path=/, QueryString=, EventId_Id=1, EventId_Name=, EventId=1
Request starting HTTP/1.1 GET http://localhost:5000/   
2017-12-13 17:33:16.6069| INFO ||Microsoft.AspNetCore.Hosting.Internal.WebHost|  |ElapsedMilliseconds=382.9306, StatusCode=404, ContentType=, EventId_Id=2, EventId_Name=, EventId=2
Request finished in 382.9306ms 404  
2017-12-13 17:33:22.0123| INFO ||Microsoft.AspNetCore.Hosting.Internal.WebHost|  |Protocol=HTTP/1.1, Method=GET, ContentType=, ContentLength=, Scheme=http, Host=localhost:5000, PathBase=, Path=/api/PushMessage, QueryString=, EventId_Id=1, EventId_Name=, EventId=1
Request starting HTTP/1.1 GET http://localhost:5000/api/PushMessage   
2017-12-13 17:33:22.3899| INFO ||Microsoft.AspNetCore.Mvc.Internal.ControllerActionInvoker|  |ActionName=PushServer.Controllers.PushMessageController.Get (PushServer), Arguments=, ValidationState=Valid, EventId_Id=1, EventId_Name=, EventId=1
Executing action method PushServer.Controllers.PushMessageController.Get (PushServer) with arguments ((null)) - ModelState is Valid 
2017-12-13 17:33:22.7605| INFO ||Microsoft.AspNetCore.Mvc.Internal.ObjectResultExecutor|  |Value=Microsoft.AspNetCore.Mvc.ControllerContext, EventId_Id=1, EventId_Name=, EventId=1
Executing ObjectResult, writing value Microsoft.AspNetCore.Mvc.ControllerContext. 
2017-12-13 17:33:22.8745| INFO ||Microsoft.AspNetCore.Mvc.Internal.ControllerActionInvoker|  |ActionName=PushServer.Controllers.PushMessageController.Get (PushServer), ElapsedMilliseconds=801.4693, EventId_Id=2, EventId_Name=, EventId=2
Executed action PushServer.Controllers.PushMessageController.Get (PushServer) in 801.4693ms 
2017-12-13 17:33:22.9775| INFO ||Microsoft.AspNetCore.Hosting.Internal.WebHost|  |ElapsedMilliseconds=965.1475, StatusCode=200, ContentType=application/json; charset=utf-8, EventId_Id=2, EventId_Name=, EventId=2
Request finished in 965.1475ms 200 application/json; charset=utf-8 
2017-12-13 17:33:31.3804| INFO ||Microsoft.AspNetCore.Hosting.Internal.WebHost|  |Protocol=HTTP/1.1, Method=GET, ContentType=, ContentLength=, Scheme=http, Host=localhost:5000, PathBase=, Path=/api/PushMessage, QueryString=, EventId_Id=1, EventId_Name=, EventId=1
Request starting HTTP/1.1 GET http://localhost:5000/api/PushMessage   
2017-12-13 17:33:31.4031| INFO ||Microsoft.AspNetCore.Mvc.Internal.ControllerActionInvoker|  |ActionName=PushServer.Controllers.PushMessageController.Get (PushServer), Arguments=, ValidationState=Valid, EventId_Id=1, EventId_Name=, EventId=1
Executing action method PushServer.Controllers.PushMessageController.Get (PushServer) with arguments ((null)) - ModelState is Valid 
2017-12-13 17:33:31.4274| INFO ||Microsoft.AspNetCore.Mvc.Internal.ObjectResultExecutor|  |Value=Microsoft.AspNetCore.Mvc.ControllerContext, EventId_Id=1, EventId_Name=, EventId=1
Executing ObjectResult, writing value Microsoft.AspNetCore.Mvc.ControllerContext. 
2017-12-13 17:33:31.4664| INFO ||Microsoft.AspNetCore.Mvc.Internal.ControllerActionInvoker|  |ActionName=PushServer.Controllers.PushMessageController.Get (PushServer), ElapsedMilliseconds=69.8208, EventId_Id=2, EventId_Name=, EventId=2
Executed action PushServer.Controllers.PushMessageController.Get (PushServer) in 69.8208ms 
2017-12-13 17:33:31.5544| INFO ||Microsoft.AspNetCore.Hosting.Internal.WebHost|  |ElapsedMilliseconds=174.04, StatusCode=200, ContentType=application/json; charset=utf-8, EventId_Id=2, EventId_Name=, EventId=2
Request finished in 174.04ms 200 application/json; charset=utf-8 
