2017-12-14 10:46:57.4710-----------0001:PushServer Start Logging---------------------
2017-12-14 10:46:57.3752|DEBUG ||WDev.AspNetCore.Middleware.HttpLoggingMiddleware|  |
Request GET http://localhost:5000/ 
Accept:text/html,application/xhtml+xml,application/xml;q=0.9,image/webp,image/apng,*/*;q=0.8
Upgrade-Insecure-Requests:1
 
2017-12-14 10:46:57.8274|DEBUG ||WDev.AspNetCore.Middleware.HttpLoggingMiddleware|  |
Response(404) GET http://localhost:5000/  (Duration = 00:00:00.5818026)
 
2017-12-14 10:47:56.5900|DEBUG ||WDev.AspNetCore.Middleware.HttpLoggingMiddleware|  |
Request GET http://localhost:5000/api/PushMessage 
Cache-Control:no-cache
Connection:keep-alive
Accept:*/*
Accept-Encoding:gzip, deflate, br
Accept-Language:zh-TW,zh;q=0.9,en-US;q=0.8,en;q=0.7
Authorization:123
Postman-Token:5a57cfe0-92fb-af5e-33be-8b759aabfae1
 
2017-12-14 10:47:58.2630|DEBUG ||WDev.AspNetCore.Middleware.HttpLoggingMiddleware|  |
Response(200) GET http://localhost:5000/api/PushMessage  (Duration = 00:00:01.6814075)
Content-Type:application/json; charset=utf-8
[{"_id":{"timestamp":1513145195,"machine":5520659,"pid":-12558,"increment":9824375,"creationTime":"2017-12-13T06:06:35Z"},"messageSN":"201712130001","fcmAuth":"FIRSTFCMAUTH","deviceID":"DEVICEID","message_Data":"MessageData","message_Noti":"MessageNoti","status":"S","error":"ErrorMessage","pushTime":"2017-12-13 14:02:04.000","pushID":"PushID"}] 
2017-12-14 10:49:00.5092|DEBUG ||WDev.AspNetCore.Middleware.HttpLoggingMiddleware|  |
Request POST http://localhost:5000/api/PushMessage 
Cache-Control:no-cache
Content-Type:application/json
Accept:*/*
Accept-Encoding:gzip, deflate, br
Accept-Language:zh-TW,zh;q=0.9,en-US;q=0.8,en;q=0.7
Host:localhost:5000
User-Agent:Mozilla/5.0 (Windows NT 10.0; Win64; x64) AppleWebKit/537.36 (KHTML, like Gecko) Chrome/62.0.3202.94 Safari/537.36
Origin:chrome-extension://fhbjgbiflinjbdggehcddcbncdddomop
Content-Length:317
Postman-Token:6393b560-c688-f8de-cdc0-83ba7106c6d3
{
    "messageSN": "201712140001",
        "fcmAuth": "FIRSTFCMAUTH",
        "deviceID": "DEVICEID",
        "message_Data": "MessageData",
        "message_Noti": "MessageNoti",
        "status": "S",
        "error": "ErrorMessage",
        "pushTime": "2017-12-14 10:48:04.000",
        "pushID": "PushID01"
    } 
2017-12-14 10:49:01.0879|DEBUG ||WDev.AspNetCore.Middleware.HttpLoggingMiddleware|  |
Response(200) POST http://localhost:5000/api/PushMessage  (Duration = 00:00:00.6186871)
Content-Type:application/json; charset=utf-8
{"_id":{"timestamp":1513219740,"machine":12936392,"pid":7732,"increment":16541507,"creationTime":"2017-12-14T02:49:00Z"},"messageSN":null,"fcmAuth":null,"deviceID":null,"message_Data":null,"message_Noti":null,"status":null,"error":null,"pushTime":null,"pushID":null} 
2017-12-14 10:50:00.8910|DEBUG ||WDev.AspNetCore.Middleware.HttpLoggingMiddleware|  |
Request POST http://localhost:5000/api/PushMessage 
Cache-Control:no-cache
Content-Type:application/json
Accept:*/*
Accept-Encoding:gzip, deflate, br
Accept-Language:zh-TW,zh;q=0.9,en-US;q=0.8,en;q=0.7
Host:localhost:5000
User-Agent:Mozilla/5.0 (Windows NT 10.0; Win64; x64) AppleWebKit/537.36 (KHTML, like Gecko) Chrome/62.0.3202.94 Safari/537.36
Origin:chrome-extension://fhbjgbiflinjbdggehcddcbncdddomop
Content-Length:317
Postman-Token:aba56004-153a-ebdd-8d28-e2bae94e8ec4
{
    "MessageSN": "201712140001",
        "FcmAuth": "FIRSTFCMAUTH",
        "DeviceID": "DEVICEID",
        "Message_Data": "MessageData",
        "Message_Noti": "MessageNoti",
        "Status": "S",
        "Error": "ErrorMessage",
        "PushTime": "2017-12-14 10:48:04.000",
        "PushID": "PushID01"
    } 
2017-12-14 10:50:01.0417|DEBUG ||WDev.AspNetCore.Middleware.HttpLoggingMiddleware|  |
Response(200) POST http://localhost:5000/api/PushMessage  (Duration = 00:00:00.1580173)
Content-Type:application/json; charset=utf-8
{"_id":{"timestamp":1513219800,"machine":12936392,"pid":7732,"increment":16541508,"creationTime":"2017-12-14T02:50:00Z"},"messageSN":null,"fcmAuth":null,"deviceID":null,"message_Data":null,"message_Noti":null,"status":null,"error":null,"pushTime":null,"pushID":null} 
2017-12-14 10:51:06.1134|DEBUG ||WDev.AspNetCore.Middleware.HttpLoggingMiddleware|  |
Request POST http://localhost:5000/api/PushMessage 
Cache-Control:no-cache
Connection:keep-alive
Content-Type:application/json
Accept:*/*
Accept-Encoding:gzip, deflate, br
Accept-Language:zh-TW,zh;q=0.9,en-US;q=0.8,en;q=0.7
Host:localhost:5000
User-Agent:Mozilla/5.0 (Windows NT 10.0; Win64; x64) AppleWebKit/537.36 (KHTML, like Gecko) Chrome/62.0.3202.94 Safari/537.36
Origin:chrome-extension://fhbjgbiflinjbdggehcddcbncdddomop
Content-Length:317
Postman-Token:2c9de44d-9016-ea06-df18-fd177c1c2f8f
{
    "MessageSN": "201712140002",
        "FcmAuth": "FIRSTFCMAUTH",
        "DeviceID": "DEVICEID",
        "Message_Data": "MessageData",
        "Message_Noti": "MessageNoti",
        "Status": "S",
        "Error": "ErrorMessage",
        "PushTime": "2017-12-14 10:48:04.000",
        "PushID": "PushID01"
    } 
2017-12-14 10:53:05.6518|DEBUG ||WDev.AspNetCore.Middleware.HttpLoggingMiddleware|  |
Request GET http://localhost:5000/ 
Connection:keep-alive
Accept-Encoding:gzip, deflate, br
Host:localhost:5000
User-Agent:Mozilla/5.0 (Windows NT 10.0; Win64; x64) AppleWebKit/537.36 (KHTML, like Gecko) Chrome/62.0.3202.94 Safari/537.36
Upgrade-Insecure-Requests:1
 
2017-12-14 10:53:05.9761|DEBUG ||WDev.AspNetCore.Middleware.HttpLoggingMiddleware|  |
Response(404) GET http://localhost:5000/  (Duration = 00:00:00.3725475)
 
2017-12-14 10:53:07.7412|DEBUG ||WDev.AspNetCore.Middleware.HttpLoggingMiddleware|  |
Request POST http://localhost:5000/api/PushMessage 
Cache-Control:no-cache
Connection:keep-alive
Content-Type:application/json
Accept:*/*
Accept-Encoding:gzip, deflate, br
Accept-Language:zh-TW,zh;q=0.9,en-US;q=0.8,en;q=0.7
User-Agent:Mozilla/5.0 (Windows NT 10.0; Win64; x64) AppleWebKit/537.36 (KHTML, like Gecko) Chrome/62.0.3202.94 Safari/537.36
Origin:chrome-extension://fhbjgbiflinjbdggehcddcbncdddomop
Content-Length:330
Postman-Token:a5166f2e-c03b-df79-1a5e-8a9b9828c818
{
	"_id":null,
    "MessageSN": "201712140002",
        "FcmAuth": "FIRSTFCMAUTH",
        "DeviceID": "DEVICEID",
        "Message_Data": "MessageData",
        "Message_Noti": "MessageNoti",
        "Status": "S",
        "Error": "ErrorMessage",
        "PushTime": "2017-12-14 10:48:04.000",
        "PushID": "PushID01"
    } 
2017-12-14 10:53:08.4277|DEBUG ||WDev.AspNetCore.Middleware.HttpLoggingMiddleware|  |
Response(200) POST http://localhost:5000/api/PushMessage  (Duration = 00:00:00.6895320)
Content-Type:application/json; charset=utf-8
{"_id":{"timestamp":0,"machine":0,"pid":0,"increment":0,"creationTime":"1970-01-01T00:00:00Z"},"messageSN":null,"fcmAuth":null,"deviceID":null,"message_Data":null,"message_Noti":null,"status":null,"error":null,"pushTime":null,"pushID":null} 
2017-12-14 10:54:22.9752|DEBUG ||WDev.AspNetCore.Middleware.HttpLoggingMiddleware|  |
Request POST http://localhost:5000/api/PushMessage 
Cache-Control:no-cache
Connection:keep-alive
Content-Type:application/json
Accept:*/*
Accept-Encoding:gzip, deflate, br
Accept-Language:zh-TW,zh;q=0.9,en-US;q=0.8,en;q=0.7
Host:localhost:5000
User-Agent:Mozilla/5.0 (Windows NT 10.0; Win64; x64) AppleWebKit/537.36 (KHTML, like Gecko) Chrome/62.0.3202.94 Safari/537.36
Origin:chrome-extension://fhbjgbiflinjbdggehcddcbncdddomop
Content-Length:330
Postman-Token:089e3c0d-df78-9343-3a78-e2ffee1d6ccb
{
	"_id":null,
    "MessageSN": "201712140002",
        "FcmAuth": "FIRSTFCMAUTH",
        "DeviceID": "DEVICEID",
        "Message_Data": "MessageData",
        "Message_Noti": "MessageNoti",
        "Status": "S",
        "Error": "ErrorMessage",
        "PushTime": "2017-12-14 10:48:04.000",
        "PushID": "PushID01"
    } 
2017-12-14 10:54:23.1062|DEBUG ||WDev.AspNetCore.Middleware.HttpLoggingMiddleware|  |
Response(200) POST http://localhost:5000/api/PushMessage  (Duration = 00:00:00.1375155)
Content-Type:application/json; charset=utf-8
{"_id":{"timestamp":0,"machine":0,"pid":0,"increment":0,"creationTime":"1970-01-01T00:00:00Z"},"messageSN":null,"fcmAuth":null,"deviceID":null,"message_Data":null,"message_Noti":null,"status":null,"error":null,"pushTime":null,"pushID":null} 
2017-12-14 10:55:01.2238|DEBUG ||WDev.AspNetCore.Middleware.HttpLoggingMiddleware|  |
Request GET http://localhost:5000/ 
Connection:keep-alive
Accept-Encoding:gzip, deflate, br
Host:localhost:5000
User-Agent:Mozilla/5.0 (Windows NT 10.0; Win64; x64) AppleWebKit/537.36 (KHTML, like Gecko) Chrome/62.0.3202.94 Safari/537.36
Upgrade-Insecure-Requests:1
 
2017-12-14 10:55:01.3545|DEBUG ||WDev.AspNetCore.Middleware.HttpLoggingMiddleware|  |
Response(404) GET http://localhost:5000/  (Duration = 00:00:00.1786546)
 
2017-12-14 10:55:04.4232|DEBUG ||WDev.AspNetCore.Middleware.HttpLoggingMiddleware|  |
Request POST http://localhost:5000/api/PushMessage 
Cache-Control:no-cache
Connection:keep-alive
Content-Type:application/json
Accept:*/*
Accept-Encoding:gzip, deflate, br
Accept-Language:zh-TW,zh;q=0.9,en-US;q=0.8,en;q=0.7
Host:localhost:5000
Origin:chrome-extension://fhbjgbiflinjbdggehcddcbncdddomop
Content-Length:330
Postman-Token:46198835-7337-85cb-eea1-b381d031f25d
{
	"_id":null,
    "MessageSN": "201712140002",
        "FcmAuth": "FIRSTFCMAUTH",
        "DeviceID": "DEVICEID",
        "Message_Data": "MessageData",
        "Message_Noti": "MessageNoti",
        "Status": "S",
        "Error": "ErrorMessage",
        "PushTime": "2017-12-14 10:48:04.000",
        "PushID": "PushID01"
    } 
2017-12-14 10:56:50.5719|DEBUG ||WDev.AspNetCore.Middleware.HttpLoggingMiddleware|  |
Request GET http://localhost:5000/ 
Accept-Encoding:gzip, deflate, br
Host:localhost:5000
Upgrade-Insecure-Requests:1
 
2017-12-14 10:56:50.6935|DEBUG ||WDev.AspNetCore.Middleware.HttpLoggingMiddleware|  |
Response(404) GET http://localhost:5000/  (Duration = 00:00:00.1702582)
 
2017-12-14 10:57:51.6692|DEBUG ||WDev.AspNetCore.Middleware.HttpLoggingMiddleware|  |
Request POST http://localhost:5000/api/PushMessage 
Cache-Control:no-cache
Connection:keep-alive
Content-Type:application/json
Accept:*/*
Accept-Encoding:gzip, deflate, br
Accept-Language:zh-TW,zh;q=0.9,en-US;q=0.8,en;q=0.7
Host:localhost:5000
User-Agent:Mozilla/5.0 (Windows NT 10.0; Win64; x64) AppleWebKit/537.36 (KHTML, like Gecko) Chrome/62.0.3202.94 Safari/537.36
Origin:chrome-extension://fhbjgbiflinjbdggehcddcbncdddomop
Content-Length:330
Postman-Token:59c4d0ae-68d2-a93c-5a26-348ab34df710
{
	"_id":null,
    "MessageSN": "201712140002",
        "FcmAuth": "FIRSTFCMAUTH",
        "DeviceID": "DEVICEID",
        "Message_Data": "MessageData",
        "Message_Noti": "MessageNoti",
        "Status": "S",
        "Error": "ErrorMessage",
        "PushTime": "2017-12-14 10:48:04.000",
        "PushID": "PushID01"
    } 
2017-12-14 10:59:08.7217|DEBUG ||WDev.AspNetCore.Middleware.HttpLoggingMiddleware|  |
Request GET http://localhost:5000/ 
Connection:keep-alive
Accept-Encoding:gzip, deflate, br
Accept-Language:zh-TW,zh;q=0.9,en-US;q=0.8,en;q=0.7
Host:localhost:5000
User-Agent:Mozilla/5.0 (Windows NT 10.0; Win64; x64) AppleWebKit/537.36 (KHTML, like Gecko) Chrome/62.0.3202.94 Safari/537.36
Accept:text/html,application/xhtml+xml,application/xml;q=0.9,image/webp,image/apng,*/*;q=0.8
Upgrade-Insecure-Requests:1
 
2017-12-14 10:59:09.0771|DEBUG ||WDev.AspNetCore.Middleware.HttpLoggingMiddleware|  |
Response(404) GET http://localhost:5000/  (Duration = 00:00:00.3986746)
 
2017-12-14 10:59:09.9889|DEBUG ||WDev.AspNetCore.Middleware.HttpLoggingMiddleware|  |
Request POST http://localhost:5000/api/PushMessage 
Cache-Control:no-cache
Content-Type:application/json
Accept:*/*
Accept-Encoding:gzip, deflate, br
Accept-Language:zh-TW,zh;q=0.9,en-US;q=0.8,en;q=0.7
Host:localhost:5000
User-Agent:Mozilla/5.0 (Windows NT 10.0; Win64; x64) AppleWebKit/537.36 (KHTML, like Gecko) Chrome/62.0.3202.94 Safari/537.36
Content-Length:330
Postman-Token:b0e022f8-1772-857c-41ee-9c2b398bdadf
{
	"_id":null,
    "messageSN": "201712140002",
        "gcmAuth": "FIRSTFCMAUTH",
        "deviceID": "DEVICEID",
        "message_Data": "MessageData",
        "message_Noti": "MessageNoti",
        "status": "S",
        "error": "ErrorMessage",
        "pushTime": "2017-12-14 10:48:04.000",
        "pushID": "PushID01"
    } 
2017-12-14 11:04:52.5566|DEBUG ||WDev.AspNetCore.Middleware.HttpLoggingMiddleware|  |
Request GET http://localhost:5000/ 
Connection:keep-alive
Accept-Encoding:gzip, deflate, br
Host:localhost:5000
User-Agent:Mozilla/5.0 (Windows NT 10.0; Win64; x64) AppleWebKit/537.36 (KHTML, like Gecko) Chrome/62.0.3202.94 Safari/537.36
Upgrade-Insecure-Requests:1
 
2017-12-14 11:04:52.6978|DEBUG ||WDev.AspNetCore.Middleware.HttpLoggingMiddleware|  |
Response(404) GET http://localhost:5000/  (Duration = 00:00:00.1839484)
 
2017-12-14 11:05:15.8673|DEBUG ||WDev.AspNetCore.Middleware.HttpLoggingMiddleware|  |
Request POST http://localhost:5000/api/PushMessage 
Cache-Control:no-cache
Connection:keep-alive
Content-Type:application/json
Accept:*/*
Accept-Encoding:gzip, deflate, br
Accept-Language:zh-TW,zh;q=0.9,en-US;q=0.8,en;q=0.7
Host:localhost:5000
User-Agent:Mozilla/5.0 (Windows NT 10.0; Win64; x64) AppleWebKit/537.36 (KHTML, like Gecko) Chrome/62.0.3202.94 Safari/537.36
Origin:chrome-extension://fhbjgbiflinjbdggehcddcbncdddomop
Content-Length:70
Postman-Token:b73712d6-10cf-6ab2-b411-dfb7f2c43aba
{
    "MessageSN": "201712140002",
        "FCMAuth": "FIRSTFCMAUTH"
} 
2017-12-14 11:32:26.0262|DEBUG ||WDev.AspNetCore.Middleware.HttpLoggingMiddleware|  |
Request GET http://localhost:5000/ 
Accept-Encoding:gzip, deflate, br
User-Agent:Mozilla/5.0 (Windows NT 10.0; Win64; x64) AppleWebKit/537.36 (KHTML, like Gecko) Chrome/62.0.3202.94 Safari/537.36
Upgrade-Insecure-Requests:1
 
2017-12-14 11:32:26.1577|DEBUG ||WDev.AspNetCore.Middleware.HttpLoggingMiddleware|  |
Response(404) GET http://localhost:5000/  (Duration = 00:00:00.1715795)
 
2017-12-14 11:32:30.2335|DEBUG ||WDev.AspNetCore.Middleware.HttpLoggingMiddleware|  |
Request GET http://localhost:5000/api/PushMessage 
Cache-Control:no-cache
Connection:keep-alive
Accept:*/*
Accept-Encoding:gzip, deflate, br
Accept-Language:zh-TW,zh;q=0.9,en-US;q=0.8,en;q=0.7
Authorization:123
Host:localhost:5000
User-Agent:Mozilla/5.0 (Windows NT 10.0; Win64; x64) AppleWebKit/537.36 (KHTML, like Gecko) Chrome/62.0.3202.94 Safari/537.36
Postman-Token:c7b9fb89-c758-814b-313d-3093ea685648
 
2017-12-14 11:32:31.1395|DEBUG ||WDev.AspNetCore.Middleware.HttpLoggingMiddleware|  |
Response(200) GET http://localhost:5000/api/PushMessage  (Duration = 00:00:00.9061400)
Content-Type:application/json; charset=utf-8
[{"_id":{"timestamp":1513145195,"machine":5520659,"pid":-12558,"increment":9824375,"creationTime":"2017-12-13T06:06:35Z"},"messageSN":"201712130001","fcmAuth":"FIRSTFCMAUTH","deviceID":"DEVICEID","message_Data":"MessageData","message_Noti":"MessageNoti","status":"S","error":"ErrorMessage","pushTime":"2017-12-13 14:02:04.000","pushID":"PushID"},{"_id":{"timestamp":1513219800,"machine":12936392,"pid":7732,"increment":16541508,"creationTime":"2017-12-14T02:50:00Z"},"messageSN":null,"fcmAuth":null,"deviceID":null,"message_Data":null,"message_Noti":null,"status":null,"error":null,"pushTime":null,"pushID":null}] 
2017-12-14 11:49:28.5076|DEBUG ||WDev.AspNetCore.Middleware.HttpLoggingMiddleware|  |
Request GET http://localhost:5000/ 
Accept-Encoding:gzip, deflate, br
Upgrade-Insecure-Requests:1
 
2017-12-14 11:49:28.6464|DEBUG ||WDev.AspNetCore.Middleware.HttpLoggingMiddleware|  |
Response(404) GET http://localhost:5000/  (Duration = 00:00:00.1805915)
 
2017-12-14 11:49:36.8594|DEBUG ||WDev.AspNetCore.Middleware.HttpLoggingMiddleware|  |
Request GET http://localhost:5000/api/PushMessage/1/2/3/4 
Cache-Control:no-cache
Connection:keep-alive
Accept:*/*
Accept-Encoding:gzip, deflate, br
Accept-Language:zh-TW,zh;q=0.9,en-US;q=0.8,en;q=0.7
Authorization:123
User-Agent:Mozilla/5.0 (Windows NT 10.0; Win64; x64) AppleWebKit/537.36 (KHTML, like Gecko) Chrome/62.0.3202.94 Safari/537.36
Postman-Token:007a9f5e-6537-368f-098d-ddd163c90c31
 
2017-12-14 11:49:36.8754|DEBUG ||WDev.AspNetCore.Middleware.HttpLoggingMiddleware|  |
Response(404) GET http://localhost:5000/api/PushMessage/1/2/3/4  (Duration = 00:00:00.0162377)
 
2017-12-14 11:49:59.9578|DEBUG ||WDev.AspNetCore.Middleware.HttpLoggingMiddleware|  |
Request GET http://localhost:5000/api/PushMessage 
Cache-Control:no-cache
Connection:keep-alive
Accept:*/*
Accept-Encoding:gzip, deflate, br
Accept-Language:zh-TW,zh;q=0.9,en-US;q=0.8,en;q=0.7
Authorization:123
Host:localhost:5000
User-Agent:Mozilla/5.0 (Windows NT 10.0; Win64; x64) AppleWebKit/537.36 (KHTML, like Gecko) Chrome/62.0.3202.94 Safari/537.36
Postman-Token:4edb54a0-37b5-078c-cff8-0c4e0ed60cd0
 
2017-12-14 11:50:07.6217|DEBUG ||WDev.AspNetCore.Middleware.HttpLoggingMiddleware|  |
Response(200) GET http://localhost:5000/api/PushMessage  (Duration = 00:00:07.6660000)
Content-Type:application/json; charset=utf-8
[{"_id":{"timestamp":1513145195,"machine":5520659,"pid":-12558,"increment":9824375,"creationTime":"2017-12-13T06:06:35Z"},"messageSN":"201712130001","fcmAuth":"FIRSTFCMAUTH","deviceID":"DEVICEID","message_Data":"MessageData","message_Noti":"MessageNoti","status":"S","error":"ErrorMessage","pushTime":"2017-12-13 14:02:04.000","pushID":"PushID"},{"_id":{"timestamp":1513219800,"machine":12936392,"pid":7732,"increment":16541508,"creationTime":"2017-12-14T02:50:00Z"},"messageSN":null,"fcmAuth":null,"deviceID":null,"message_Data":null,"message_Noti":null,"status":null,"error":null,"pushTime":null,"pushID":null}] 
2017-12-14 11:53:19.1666|DEBUG ||WDev.AspNetCore.Middleware.HttpLoggingMiddleware|  |
Request GET http://localhost:5000/ 
Connection:keep-alive
Accept-Encoding:gzip, deflate, br
Accept-Language:zh-TW,zh;q=0.9,en-US;q=0.8,en;q=0.7
Host:localhost:5000
User-Agent:Mozilla/5.0 (Windows NT 10.0; Win64; x64) AppleWebKit/537.36 (KHTML, like Gecko) Chrome/62.0.3202.94 Safari/537.36
Accept:text/html,application/xhtml+xml,application/xml;q=0.9,image/webp,image/apng,*/*;q=0.8
Upgrade-Insecure-Requests:1
 
2017-12-14 11:53:19.6074|DEBUG ||WDev.AspNetCore.Middleware.HttpLoggingMiddleware|  |
Response(500) GET http://localhost:5000/  (Duration = 00:00:00.4829648)
Content-Type:application/json
{"error":"The following errors occurred with attribute routing information:\r\n\r\nFor action: 'PushServer.Controllers.PushMessageController.Get (PushServer)'\r\nError: The route template separator character '/' cannot appear consecutively. It must be separated by either a parameter or a literal value.\r\nParameter name: routeTemplate"} 
2017-12-14 11:53:19.8089|DEBUG ||WDev.AspNetCore.Middleware.HttpLoggingMiddleware|  |
Request GET http://localhost:5000/favicon.ico 
Connection:keep-alive
Accept:image/webp,image/apng,image/*,*/*;q=0.8
Accept-Encoding:gzip, deflate, br
Accept-Language:zh-TW,zh;q=0.9,en-US;q=0.8,en;q=0.7
Host:localhost:5000
Referer:http://localhost:5000/
 
2017-12-14 11:53:19.8639|DEBUG ||WDev.AspNetCore.Middleware.HttpLoggingMiddleware|  |
Response(500) GET http://localhost:5000/favicon.ico  (Duration = 00:00:00.0417244)
Content-Type:application/json
{"error":"The following errors occurred with attribute routing information:\r\n\r\nFor action: 'PushServer.Controllers.PushMessageController.Get (PushServer)'\r\nError: The route template separator character '/' cannot appear consecutively. It must be separated by either a parameter or a literal value.\r\nParameter name: routeTemplate"} 
2017-12-14 11:53:38.8896|DEBUG ||WDev.AspNetCore.Middleware.HttpLoggingMiddleware|  |
Request GET http://localhost:5000/api/PushMessage/1/2/3/4 
Cache-Control:no-cache
Connection:keep-alive
Accept:*/*
Accept-Encoding:gzip, deflate, br
Accept-Language:zh-TW,zh;q=0.9,en-US;q=0.8,en;q=0.7
Authorization:123
Host:localhost:5000
User-Agent:Mozilla/5.0 (Windows NT 10.0; Win64; x64) AppleWebKit/537.36 (KHTML, like Gecko) Chrome/62.0.3202.94 Safari/537.36
Postman-Token:ca930f0e-a059-3e70-0c62-ff92728f9e6a
 
2017-12-14 11:53:38.9263|DEBUG ||WDev.AspNetCore.Middleware.HttpLoggingMiddleware|  |
Response(500) GET http://localhost:5000/api/PushMessage/1/2/3/4  (Duration = 00:00:00.0459564)
Content-Type:application/json
{"error":"The following errors occurred with attribute routing information:\r\n\r\nFor action: 'PushServer.Controllers.PushMessageController.Get (PushServer)'\r\nError: The route template separator character '/' cannot appear consecutively. It must be separated by either a parameter or a literal value.\r\nParameter name: routeTemplate"} 
2017-12-14 11:54:26.7030|DEBUG ||WDev.AspNetCore.Middleware.HttpLoggingMiddleware|  |
Request GET http://localhost:5000/ 
Connection:keep-alive
Accept-Encoding:gzip, deflate, br
Accept-Language:zh-TW,zh;q=0.9,en-US;q=0.8,en;q=0.7
Host:localhost:5000
User-Agent:Mozilla/5.0 (Windows NT 10.0; Win64; x64) AppleWebKit/537.36 (KHTML, like Gecko) Chrome/62.0.3202.94 Safari/537.36
Upgrade-Insecure-Requests:1
 
2017-12-14 11:54:26.8279|DEBUG ||WDev.AspNetCore.Middleware.HttpLoggingMiddleware|  |
Response(404) GET http://localhost:5000/  (Duration = 00:00:00.1941400)
 
2017-12-14 11:54:30.2215|DEBUG ||WDev.AspNetCore.Middleware.HttpLoggingMiddleware|  |
Request GET http://localhost:5000/api/PushMessage/1/2/3/4 
Cache-Control:no-cache
Connection:keep-alive
Accept:*/*
Accept-Encoding:gzip, deflate, br
Accept-Language:zh-TW,zh;q=0.9,en-US;q=0.8,en;q=0.7
Authorization:123
Host:localhost:5000
User-Agent:Mozilla/5.0 (Windows NT 10.0; Win64; x64) AppleWebKit/537.36 (KHTML, like Gecko) Chrome/62.0.3202.94 Safari/537.36
Postman-Token:44e0e0bf-7897-85f4-8d19-168b9e37e739
 
2017-12-14 11:54:30.2397|DEBUG ||WDev.AspNetCore.Middleware.HttpLoggingMiddleware|  |
Response(404) GET http://localhost:5000/api/PushMessage/1/2/3/4  (Duration = 00:00:00.0184377)
 
2017-12-14 11:54:31.7521|DEBUG ||WDev.AspNetCore.Middleware.HttpLoggingMiddleware|  |
Request GET http://localhost:5000/api/PushMessage/1/2/3/4 
Connection:keep-alive
Accept-Language:zh-TW,zh;q=0.9,en-US;q=0.8,en;q=0.7
Authorization:123
Host:localhost:5000
User-Agent:Mozilla/5.0 (Windows NT 10.0; Win64; x64) AppleWebKit/537.36 (KHTML, like Gecko) Chrome/62.0.3202.94 Safari/537.36
 
2017-12-14 11:54:31.7699|DEBUG ||WDev.AspNetCore.Middleware.HttpLoggingMiddleware|  |
Response(404) GET http://localhost:5000/api/PushMessage/1/2/3/4  (Duration = 00:00:00.0096413)
 
2017-12-14 11:55:19.6436|DEBUG ||WDev.AspNetCore.Middleware.HttpLoggingMiddleware|  |
Request GET http://localhost:5000/ 
Connection:keep-alive
Accept-Language:zh-TW,zh;q=0.9,en-US;q=0.8,en;q=0.7
Host:localhost:5000
User-Agent:Mozilla/5.0 (Windows NT 10.0; Win64; x64) AppleWebKit/537.36 (KHTML, like Gecko) Chrome/62.0.3202.94 Safari/537.36
Upgrade-Insecure-Requests:1
 
2017-12-14 11:55:19.7655|DEBUG ||WDev.AspNetCore.Middleware.HttpLoggingMiddleware|  |
Response(404) GET http://localhost:5000/  (Duration = 00:00:00.1606875)
 
2017-12-14 11:55:23.0649|DEBUG ||WDev.AspNetCore.Middleware.HttpLoggingMiddleware|  |
Request GET http://localhost:5000/api/PushMessage/1/2/3/4 
Cache-Control:no-cache
Connection:keep-alive
Accept:*/*
Accept-Encoding:gzip, deflate, br
Accept-Language:zh-TW,zh;q=0.9,en-US;q=0.8,en;q=0.7
Authorization:123
Host:localhost:5000
User-Agent:Mozilla/5.0 (Windows NT 10.0; Win64; x64) AppleWebKit/537.36 (KHTML, like Gecko) Chrome/62.0.3202.94 Safari/537.36
Postman-Token:3b842a0d-5444-d1b8-c3e6-9bd1e9ffd245
 
2017-12-14 11:55:23.0786|DEBUG ||WDev.AspNetCore.Middleware.HttpLoggingMiddleware|  |
Response(404) GET http://localhost:5000/api/PushMessage/1/2/3/4  (Duration = 00:00:00.0141080)
 
2017-12-14 11:55:25.4849|DEBUG ||WDev.AspNetCore.Middleware.HttpLoggingMiddleware|  |
Request GET http://localhost:5000/api/PushMessage/1/2/ 
Cache-Control:no-cache
Connection:keep-alive
Accept:*/*
Accept-Encoding:gzip, deflate, br
Accept-Language:zh-TW,zh;q=0.9,en-US;q=0.8,en;q=0.7
Authorization:123
Host:localhost:5000
User-Agent:Mozilla/5.0 (Windows NT 10.0; Win64; x64) AppleWebKit/537.36 (KHTML, like Gecko) Chrome/62.0.3202.94 Safari/537.36
Postman-Token:93bf01dd-a7b0-9dfc-c714-5eef601edc6f
 
2017-12-14 11:55:25.4849|DEBUG ||WDev.AspNetCore.Middleware.HttpLoggingMiddleware|  |
Response(404) GET http://localhost:5000/api/PushMessage/1/2/  (Duration = 00:00:00.0103400)
 
2017-12-14 11:55:27.3774|DEBUG ||WDev.AspNetCore.Middleware.HttpLoggingMiddleware|  |
Request GET http://localhost:5000/api/PushMessage/1/2 
Cache-Control:no-cache
Connection:keep-alive
Accept:*/*
Accept-Encoding:gzip, deflate, br
Accept-Language:zh-TW,zh;q=0.9,en-US;q=0.8,en;q=0.7
Authorization:123
Host:localhost:5000
User-Agent:Mozilla/5.0 (Windows NT 10.0; Win64; x64) AppleWebKit/537.36 (KHTML, like Gecko) Chrome/62.0.3202.94 Safari/537.36
Postman-Token:3933ba3c-3d37-488f-e1ec-851982c13e94
 
2017-12-14 11:55:27.3892|DEBUG ||WDev.AspNetCore.Middleware.HttpLoggingMiddleware|  |
Response(404) GET http://localhost:5000/api/PushMessage/1/2  (Duration = 00:00:00.0125435)
 
2017-12-14 11:55:28.1877|DEBUG ||WDev.AspNetCore.Middleware.HttpLoggingMiddleware|  |
Request GET http://localhost:5000/api/PushMessage/1/2 
Cache-Control:no-cache
Connection:keep-alive
Accept:*/*
Accept-Encoding:gzip, deflate, br
Accept-Language:zh-TW,zh;q=0.9,en-US;q=0.8,en;q=0.7
Authorization:123
Host:localhost:5000
User-Agent:Mozilla/5.0 (Windows NT 10.0; Win64; x64) AppleWebKit/537.36 (KHTML, like Gecko) Chrome/62.0.3202.94 Safari/537.36
Postman-Token:aae8d91c-4523-15f1-5c8f-64eb29558923
 
2017-12-14 11:55:28.2062|DEBUG ||WDev.AspNetCore.Middleware.HttpLoggingMiddleware|  |
Response(404) GET http://localhost:5000/api/PushMessage/1/2  (Duration = 00:00:00.0128506)
 
2017-12-14 11:55:34.6730|DEBUG ||WDev.AspNetCore.Middleware.HttpLoggingMiddleware|  |
Request GET http://localhost:5000/api/PushMessage/1 
Cache-Control:no-cache
Connection:keep-alive
Accept:*/*
Accept-Encoding:gzip, deflate, br
Accept-Language:zh-TW,zh;q=0.9,en-US;q=0.8,en;q=0.7
Authorization:123
Host:localhost:5000
User-Agent:Mozilla/5.0 (Windows NT 10.0; Win64; x64) AppleWebKit/537.36 (KHTML, like Gecko) Chrome/62.0.3202.94 Safari/537.36
Postman-Token:fabc3a46-8edd-ec4f-8b32-0b45cf84efc3
 
2017-12-14 11:55:34.6879|DEBUG ||WDev.AspNetCore.Middleware.HttpLoggingMiddleware|  |
Response(404) GET http://localhost:5000/api/PushMessage/1  (Duration = 00:00:00.0088768)
 
2017-12-14 11:55:36.7304|DEBUG ||WDev.AspNetCore.Middleware.HttpLoggingMiddleware|  |
Request GET http://localhost:5000/api/PushMessage 
Cache-Control:no-cache
Connection:keep-alive
Accept:*/*
Accept-Encoding:gzip, deflate, br
Accept-Language:zh-TW,zh;q=0.9,en-US;q=0.8,en;q=0.7
Authorization:123
Host:localhost:5000
User-Agent:Mozilla/5.0 (Windows NT 10.0; Win64; x64) AppleWebKit/537.36 (KHTML, like Gecko) Chrome/62.0.3202.94 Safari/537.36
Postman-Token:093891ed-b20a-c534-4427-2fb971fbb4a8
 
2017-12-14 11:55:36.7605|DEBUG ||WDev.AspNetCore.Middleware.HttpLoggingMiddleware|  |
Response(404) GET http://localhost:5000/api/PushMessage  (Duration = 00:00:00.0220920)
 
2017-12-14 11:55:56.0589|DEBUG ||WDev.AspNetCore.Middleware.HttpLoggingMiddleware|  |
Request GET http://localhost:5000/api/PushMessage/value1:1/value2:2 
Cache-Control:no-cache
Connection:keep-alive
Accept:*/*
Accept-Language:zh-TW,zh;q=0.9,en-US;q=0.8,en;q=0.7
Authorization:123
Host:localhost:5000
User-Agent:Mozilla/5.0 (Windows NT 10.0; Win64; x64) AppleWebKit/537.36 (KHTML, like Gecko) Chrome/62.0.3202.94 Safari/537.36
Postman-Token:dbc37304-ff67-bd6c-f0b3-804a13f9741c
 
2017-12-14 11:55:56.0762|DEBUG ||WDev.AspNetCore.Middleware.HttpLoggingMiddleware|  |
Response(404) GET http://localhost:5000/api/PushMessage/value1:1/value2:2  (Duration = 00:00:00.0214751)
 
2017-12-14 11:56:14.6218|DEBUG ||WDev.AspNetCore.Middleware.HttpLoggingMiddleware|  |
Request GET http://localhost:5000/api/PushMessage/Get/1/2 
Cache-Control:no-cache
Connection:keep-alive
Accept:*/*
Accept-Encoding:gzip, deflate, br
Accept-Language:zh-TW,zh;q=0.9,en-US;q=0.8,en;q=0.7
Authorization:123
Host:localhost:5000
User-Agent:Mozilla/5.0 (Windows NT 10.0; Win64; x64) AppleWebKit/537.36 (KHTML, like Gecko) Chrome/62.0.3202.94 Safari/537.36
Postman-Token:f6b2aa02-46da-4df5-39c3-2485a76cafc3
 
2017-12-14 11:57:02.9406|DEBUG ||WDev.AspNetCore.Middleware.HttpLoggingMiddleware|  |
Request GET http://localhost:5000/ 
Accept:text/html,application/xhtml+xml,application/xml;q=0.9,image/webp,image/apng,*/*;q=0.8
Accept-Language:zh-TW,zh;q=0.9,en-US;q=0.8,en;q=0.7
Host:localhost:5000
User-Agent:Mozilla/5.0 (Windows NT 10.0; Win64; x64) AppleWebKit/537.36 (KHTML, like Gecko) Chrome/62.0.3202.94 Safari/537.36
Upgrade-Insecure-Requests:1
 
2017-12-14 11:57:03.0659|DEBUG ||WDev.AspNetCore.Middleware.HttpLoggingMiddleware|  |
Response(404) GET http://localhost:5000/  (Duration = 00:00:00.1698248)
 
2017-12-14 11:57:09.8646|DEBUG ||WDev.AspNetCore.Middleware.HttpLoggingMiddleware|  |
Request GET http://localhost:5000/api/PushMessage/1/2 
Cache-Control:no-cache
Connection:keep-alive
Accept:*/*
Accept-Encoding:gzip, deflate, br
Accept-Language:zh-TW,zh;q=0.9,en-US;q=0.8,en;q=0.7
Authorization:123
Host:localhost:5000
User-Agent:Mozilla/5.0 (Windows NT 10.0; Win64; x64) AppleWebKit/537.36 (KHTML, like Gecko) Chrome/62.0.3202.94 Safari/537.36
Postman-Token:c27ff064-e5b3-dbfb-5a4b-0b7a0edef2bf
 
2017-12-14 11:57:09.8736|DEBUG ||WDev.AspNetCore.Middleware.HttpLoggingMiddleware|  |
Response(404) GET http://localhost:5000/api/PushMessage/1/2  (Duration = 00:00:00.0153586)
 
2017-12-14 11:57:15.0046|DEBUG ||WDev.AspNetCore.Middleware.HttpLoggingMiddleware|  |
Request GET http://localhost:5000/api/PushMessage/1/2/3/4 
Cache-Control:no-cache
Connection:keep-alive
Accept:*/*
Accept-Encoding:gzip, deflate, br
Accept-Language:zh-TW,zh;q=0.9,en-US;q=0.8,en;q=0.7
Authorization:123
Host:localhost:5000
User-Agent:Mozilla/5.0 (Windows NT 10.0; Win64; x64) AppleWebKit/537.36 (KHTML, like Gecko) Chrome/62.0.3202.94 Safari/537.36
Postman-Token:d8f60c09-d68e-bfa4-6ec3-9c657c64a644
 
2017-12-14 12:44:33.3189|DEBUG ||WDev.AspNetCore.Middleware.HttpLoggingMiddleware|  |
Request GET http://localhost:5000/ 
Connection:keep-alive
Accept-Encoding:gzip, deflate, br
Accept-Language:zh-TW,zh;q=0.9,en-US;q=0.8,en;q=0.7
Host:localhost:5000
User-Agent:Mozilla/5.0 (Windows NT 10.0; Win64; x64) AppleWebKit/537.36 (KHTML, like Gecko) Chrome/62.0.3202.94 Safari/537.36
Upgrade-Insecure-Requests:1
 
2017-12-14 12:44:33.5317|DEBUG ||WDev.AspNetCore.Middleware.HttpLoggingMiddleware|  |
Response(404) GET http://localhost:5000/  (Duration = 00:00:00.2526720)
 
2017-12-14 12:44:40.9975|DEBUG ||WDev.AspNetCore.Middleware.HttpLoggingMiddleware|  |
Request GET http://localhost:5000/api/PushMessage/1/2/ 
Cache-Control:no-cache
Connection:keep-alive
Accept:*/*
Accept-Encoding:gzip, deflate, br
Accept-Language:zh-TW,zh;q=0.9,en-US;q=0.8,en;q=0.7
Authorization:123
Host:localhost:5000
User-Agent:Mozilla/5.0 (Windows NT 10.0; Win64; x64) AppleWebKit/537.36 (KHTML, like Gecko) Chrome/62.0.3202.94 Safari/537.36
Postman-Token:c58f7103-ac27-0c7d-9810-e1606e33bab4
 
2017-12-14 12:44:50.5811|DEBUG ||WDev.AspNetCore.Middleware.HttpLoggingMiddleware|  |
Response(200) GET http://localhost:5000/api/PushMessage/1/2/  (Duration = 00:00:09.5837671)
Content-Type:application/json; charset=utf-8
[{"_id":{"timestamp":1513145195,"machine":5520659,"pid":-12558,"increment":9824375,"creationTime":"2017-12-13T06:06:35Z"},"messageSN":"201712130001","fcmAuth":"FIRSTFCMAUTH","deviceID":"DEVICEID","message_Data":"MessageData","message_Noti":"MessageNoti","status":"S","error":"ErrorMessage","pushTime":"2017-12-13 14:02:04.000","pushID":"PushID"},{"_id":{"timestamp":1513219800,"machine":12936392,"pid":7732,"increment":16541508,"creationTime":"2017-12-14T02:50:00Z"},"messageSN":null,"fcmAuth":null,"deviceID":null,"message_Data":null,"message_Noti":null,"status":null,"error":null,"pushTime":null,"pushID":null}] 
2017-12-14 12:44:55.4061|DEBUG ||WDev.AspNetCore.Middleware.HttpLoggingMiddleware|  |
Request GET http://localhost:5000/api/PushMessage/1/2/3 
Cache-Control:no-cache
Connection:keep-alive
Accept:*/*
Accept-Encoding:gzip, deflate, br
Accept-Language:zh-TW,zh;q=0.9,en-US;q=0.8,en;q=0.7
Authorization:123
Host:localhost:5000
User-Agent:Mozilla/5.0 (Windows NT 10.0; Win64; x64) AppleWebKit/537.36 (KHTML, like Gecko) Chrome/62.0.3202.94 Safari/537.36
Postman-Token:a29e6a5c-4af6-2528-8dad-d152db583367
 
2017-12-14 13:50:36.1446|DEBUG ||WDev.AspNetCore.Middleware.HttpLoggingMiddleware|  |
Request GET http://localhost:5000/ 
Connection:keep-alive
Accept-Language:zh-TW,zh;q=0.9,en-US;q=0.8,en;q=0.7
Host:localhost:5000
Upgrade-Insecure-Requests:1
 
2017-12-14 13:50:36.9051|DEBUG ||WDev.AspNetCore.Middleware.HttpLoggingMiddleware|  |
Response(404) GET http://localhost:5000/  (Duration = 00:00:00.8288697)
 
2017-12-14 13:50:51.2303|DEBUG ||WDev.AspNetCore.Middleware.HttpLoggingMiddleware|  |
Request GET http://localhost:5000/api/PushMessage/1/2/3 
Cache-Control:no-cache
Connection:keep-alive
Accept:*/*
Accept-Encoding:gzip, deflate, br
Accept-Language:zh-TW,zh;q=0.9,en-US;q=0.8,en;q=0.7
Authorization:123
Host:localhost:5000
User-Agent:Mozilla/5.0 (Windows NT 10.0; Win64; x64) AppleWebKit/537.36 (KHTML, like Gecko) Chrome/62.0.3202.94 Safari/537.36
Postman-Token:59ad6aee-47ae-4e37-9744-2bc55f0fdf7b
 
2017-12-14 13:50:52.4819|DEBUG ||WDev.AspNetCore.Middleware.HttpLoggingMiddleware|  |
Response(200) GET http://localhost:5000/api/PushMessage/1/2/3  (Duration = 00:00:01.2410164)
Content-Type:application/json; charset=utf-8
[{"_id":{"timestamp":1513145195,"machine":5520659,"pid":-12558,"increment":9824375,"creationTime":"2017-12-13T06:06:35Z"},"messageSN":"201712130001","fcmAuth":"FIRSTFCMAUTH","deviceID":"DEVICEID","message_Data":"MessageData","message_Noti":"MessageNoti","status":"S","error":"ErrorMessage","pushTime":"2017-12-13 14:02:04.000","pushID":"PushID"},{"_id":{"timestamp":1513219800,"machine":12936392,"pid":7732,"increment":16541508,"creationTime":"2017-12-14T02:50:00Z"},"messageSN":null,"fcmAuth":null,"deviceID":null,"message_Data":null,"message_Noti":null,"status":null,"error":null,"pushTime":null,"pushID":null}] 
2017-12-14 13:51:30.5850|DEBUG ||WDev.AspNetCore.Middleware.HttpLoggingMiddleware|  |
Request GET http://localhost:5000/api/PushMessage/1/2/3 
Cache-Control:no-cache
Connection:keep-alive
Accept:*/*
Accept-Encoding:gzip, deflate, br
Accept-Language:zh-TW,zh;q=0.9,en-US;q=0.8,en;q=0.7
Authorization:123
Host:localhost:5000
User-Agent:Mozilla/5.0 (Windows NT 10.0; Win64; x64) AppleWebKit/537.36 (KHTML, like Gecko) Chrome/62.0.3202.94 Safari/537.36
Postman-Token:55b4336e-e217-0b38-c9fd-1ac9c1b234f3
 
2017-12-14 13:52:27.3276|DEBUG ||WDev.AspNetCore.Middleware.HttpLoggingMiddleware|  |
Response(200) GET http://localhost:5000/api/PushMessage/1/2/3  (Duration = 00:00:56.7538653)
Content-Type:application/json; charset=utf-8
[{"_id":{"timestamp":1513145195,"machine":5520659,"pid":-12558,"increment":9824375,"creationTime":"2017-12-13T06:06:35Z"},"messageSN":"201712130001","fcmAuth":"FIRSTFCMAUTH","deviceID":"DEVICEID","message_Data":"MessageData","message_Noti":"MessageNoti","status":"S","error":"ErrorMessage","pushTime":"2017-12-13 14:02:04.000","pushID":"PushID"},{"_id":{"timestamp":1513219800,"machine":12936392,"pid":7732,"increment":16541508,"creationTime":"2017-12-14T02:50:00Z"},"messageSN":null,"fcmAuth":null,"deviceID":null,"message_Data":null,"message_Noti":null,"status":null,"error":null,"pushTime":null,"pushID":null}] 
2017-12-14 13:52:35.4339|DEBUG ||WDev.AspNetCore.Middleware.HttpLoggingMiddleware|  |
Request GET http://localhost:5000/api/PushMessage/1/2/3 
Cache-Control:no-cache
Connection:keep-alive
Accept:*/*
Accept-Encoding:gzip, deflate, br
Accept-Language:zh-TW,zh;q=0.9,en-US;q=0.8,en;q=0.7
Authorization:123
Host:localhost:5000
User-Agent:Mozilla/5.0 (Windows NT 10.0; Win64; x64) AppleWebKit/537.36 (KHTML, like Gecko) Chrome/62.0.3202.94 Safari/537.36
Postman-Token:92aff377-3531-39fb-98cf-8ce54d7d0c8b
 
2017-12-14 13:53:35.0833|DEBUG ||WDev.AspNetCore.Middleware.HttpLoggingMiddleware|  |
Request GET http://localhost:5000/ 
Connection:keep-alive
Accept-Encoding:gzip, deflate, br
Accept-Language:zh-TW,zh;q=0.9,en-US;q=0.8,en;q=0.7
Host:localhost:5000
User-Agent:Mozilla/5.0 (Windows NT 10.0; Win64; x64) AppleWebKit/537.36 (KHTML, like Gecko) Chrome/62.0.3202.94 Safari/537.36
Upgrade-Insecure-Requests:1
Accept:text/html,application/xhtml+xml,application/xml;q=0.9,image/webp,image/apng,*/*;q=0.8
 
2017-12-14 13:53:35.2232|DEBUG ||WDev.AspNetCore.Middleware.HttpLoggingMiddleware|  |
Response(404) GET http://localhost:5000/  (Duration = 00:00:00.1967017)
 
2017-12-14 13:54:33.1316|DEBUG ||WDev.AspNetCore.Middleware.HttpLoggingMiddleware|  |
Request GET http://localhost:5000/api/PushMessage/1/2/3 
Cache-Control:no-cache
Accept:*/*
Accept-Encoding:gzip, deflate, br
Accept-Language:zh-TW,zh;q=0.9,en-US;q=0.8,en;q=0.7
Authorization:123
Host:localhost:5000
User-Agent:Mozilla/5.0 (Windows NT 10.0; Win64; x64) AppleWebKit/537.36 (KHTML, like Gecko) Chrome/62.0.3202.94 Safari/537.36
Postman-Token:e19b7f63-5858-ca29-f8be-14a1c549e306
 
2017-12-14 13:54:40.6275|DEBUG ||WDev.AspNetCore.Middleware.HttpLoggingMiddleware|  |
Response(451) GET http://localhost:5000/api/PushMessage/1/2/3  (Duration = 00:00:07.5003408)
Content-Type:application/json
{"Code":451,"Msg":"資料格式錯誤。(查詢日期【起】欄位格式有誤!!)"} 
2017-12-14 13:55:50.8569|DEBUG ||WDev.AspNetCore.Middleware.HttpLoggingMiddleware|  |
Request GET http://localhost:5000/api/PushMessage/1/2017-12-14/2017-12-13 
Cache-Control:no-cache
Accept:*/*
Accept-Encoding:gzip, deflate, br
Accept-Language:zh-TW,zh;q=0.9,en-US;q=0.8,en;q=0.7
Authorization:123
Host:localhost:5000
User-Agent:Mozilla/5.0 (Windows NT 10.0; Win64; x64) AppleWebKit/537.36 (KHTML, like Gecko) Chrome/62.0.3202.94 Safari/537.36
Postman-Token:3b5a1bd2-0f13-4315-2960-13cedf8df7a5
 
2017-12-14 13:55:52.9960|DEBUG ||WDev.AspNetCore.Middleware.HttpLoggingMiddleware|  |
Response(451) GET http://localhost:5000/api/PushMessage/1/2017-12-14/2017-12-13  (Duration = 00:00:02.1433173)
Content-Type:application/json
{"Code":451,"Msg":"資料格式錯誤。(查詢日期【起】欄位格式有誤!!)"} 
2017-12-14 13:56:01.7688|DEBUG ||WDev.AspNetCore.Middleware.HttpLoggingMiddleware|  |
Request GET http://localhost:5000/api/PushMessage/1/20171214/2017-12-13 
Cache-Control:no-cache
Connection:keep-alive
Accept:*/*
Accept-Encoding:gzip, deflate, br
Accept-Language:zh-TW,zh;q=0.9,en-US;q=0.8,en;q=0.7
Authorization:123
Host:localhost:5000
User-Agent:Mozilla/5.0 (Windows NT 10.0; Win64; x64) AppleWebKit/537.36 (KHTML, like Gecko) Chrome/62.0.3202.94 Safari/537.36
Postman-Token:de1b0f94-aabe-37f2-c2ef-441f3222ef0b
 
2017-12-14 13:56:03.6223|DEBUG ||WDev.AspNetCore.Middleware.HttpLoggingMiddleware|  |
Response(451) GET http://localhost:5000/api/PushMessage/1/20171214/2017-12-13  (Duration = 00:00:01.8456897)
Content-Type:application/json
{"Code":451,"Msg":"資料格式錯誤。(查詢日期【迄】欄位格式有誤!!)"} 
2017-12-14 13:56:08.1852|DEBUG ||WDev.AspNetCore.Middleware.HttpLoggingMiddleware|  |
Request GET http://localhost:5000/api/PushMessage/1/20171214 
Cache-Control:no-cache
Accept:*/*
Accept-Encoding:gzip, deflate, br
Accept-Language:zh-TW,zh;q=0.9,en-US;q=0.8,en;q=0.7
Authorization:123
Host:localhost:5000
User-Agent:Mozilla/5.0 (Windows NT 10.0; Win64; x64) AppleWebKit/537.36 (KHTML, like Gecko) Chrome/62.0.3202.94 Safari/537.36
Postman-Token:838f19f6-83ac-86f3-4185-3a39e8f6585b
 
2017-12-14 13:56:09.4044|DEBUG ||WDev.AspNetCore.Middleware.HttpLoggingMiddleware|  |
Response(452) GET http://localhost:5000/api/PushMessage/1/20171214  (Duration = 00:00:01.2196720)
Content-Type:application/json
{"Code":452,"Msg":"必要資訊未提供。(查詢日期起迄,需兩者皆填欄位未提供!!)"} 
2017-12-14 14:33:13.0709|DEBUG ||WDev.AspNetCore.Middleware.HttpLoggingMiddleware|  |
Request GET http://localhost:5000/ 
Accept:text/html,application/xhtml+xml,application/xml;q=0.9,image/webp,image/apng,*/*;q=0.8
Upgrade-Insecure-Requests:1
 
2017-12-14 14:33:13.2567|DEBUG ||WDev.AspNetCore.Middleware.HttpLoggingMiddleware|  |
Response(404) GET http://localhost:5000/  (Duration = 00:00:00.2629511)
 
2017-12-14 14:33:44.2313|DEBUG ||WDev.AspNetCore.Middleware.HttpLoggingMiddleware|  |
Request GET http://localhost:5000/ 
Accept:text/html,application/xhtml+xml,application/xml;q=0.9,image/webp,image/apng,*/*;q=0.8
Accept-Language:zh-TW,zh;q=0.9,en-US;q=0.8,en;q=0.7
Host:localhost:5000
User-Agent:Mozilla/5.0 (Windows NT 10.0; Win64; x64) AppleWebKit/537.36 (KHTML, like Gecko) Chrome/62.0.3202.94 Safari/537.36
Upgrade-Insecure-Requests:1
 
2017-12-14 14:33:44.3765|DEBUG ||WDev.AspNetCore.Middleware.HttpLoggingMiddleware|  |
Response(404) GET http://localhost:5000/  (Duration = 00:00:00.1865328)
 
2017-12-14 14:33:50.3905|DEBUG ||WDev.AspNetCore.Middleware.HttpLoggingMiddleware|  |
Request GET http://localhost:5000/api/PushMessage/1/20171214 
Cache-Control:no-cache
Connection:keep-alive
Accept:*/*
Accept-Encoding:gzip, deflate, br
Accept-Language:zh-TW,zh;q=0.9,en-US;q=0.8,en;q=0.7
Authorization:123
Host:localhost:5000
User-Agent:Mozilla/5.0 (Windows NT 10.0; Win64; x64) AppleWebKit/537.36 (KHTML, like Gecko) Chrome/62.0.3202.94 Safari/537.36
Postman-Token:040db1e8-efba-3131-dfc2-f89273b074fc
 
2017-12-14 14:33:51.6163|DEBUG ||WDev.AspNetCore.Middleware.HttpLoggingMiddleware|  |
Response(500) GET http://localhost:5000/api/PushMessage/1/20171214  (Duration = 00:00:01.2179662)
Content-Type:application/json
[{"_id":{"timestamp":1513145195,"machine":5520659,"pid":-12558,"increment":9824375,"creationTime":"2017-12-13T06:06:35Z"},"messageSN":"201712130001","fcmAuth":"FIRSTFCMAUTH","deviceID":"DEVICEID","message_Data":"MessageData","message_Noti":"MessageNoti","status":"S","error":"ErrorMessage","pushTime":{"bsonType":9,"isValidDateTime":true,"millisecondsSinceEpoch":1514125559000,"rawValue":1514125559000,"value":"2017-12-24T14:25:59Z"{"error":"Error getting value from 'AsBoolean' on 'MongoDB.Bson.BsonDateTime'."} 
2017-12-14 14:34:00.9853|DEBUG ||WDev.AspNetCore.Middleware.HttpLoggingMiddleware|  |
Request GET http://localhost:5000/api/PushMessage/ALL 
Cache-Control:no-cache
Connection:keep-alive
Accept:*/*
Accept-Encoding:gzip, deflate, br
Accept-Language:zh-TW,zh;q=0.9,en-US;q=0.8,en;q=0.7
Authorization:123
Host:localhost:5000
User-Agent:Mozilla/5.0 (Windows NT 10.0; Win64; x64) AppleWebKit/537.36 (KHTML, like Gecko) Chrome/62.0.3202.94 Safari/537.36
Postman-Token:5516c2c8-ccae-e25b-d6e6-aa216797f3e2
 
2017-12-14 14:34:01.1820|DEBUG ||WDev.AspNetCore.Middleware.HttpLoggingMiddleware|  |
Response(500) GET http://localhost:5000/api/PushMessage/ALL  (Duration = 00:00:00.1898937)
Content-Type:application/json
[{"_id":{"timestamp":1513145195,"machine":5520659,"pid":-12558,"increment":9824375,"creationTime":"2017-12-13T06:06:35Z"},"messageSN":"201712130001","fcmAuth":"FIRSTFCMAUTH","deviceID":"DEVICEID","message_Data":"MessageData","message_Noti":"MessageNoti","status":"S","error":"ErrorMessage","pushTime":{"bsonType":9,"isValidDateTime":true,"millisecondsSinceEpoch":1514125559000,"rawValue":1514125559000,"value":"2017-12-24T14:25:59Z"{"error":"Error getting value from 'AsBoolean' on 'MongoDB.Bson.BsonDateTime'."} 
2017-12-14 14:34:13.0449|DEBUG ||WDev.AspNetCore.Middleware.HttpLoggingMiddleware|  |
Request GET http://localhost:5000/api/PushMessage/ALL 
Cache-Control:no-cache
Connection:keep-alive
Accept:*/*
Accept-Encoding:gzip, deflate, br
Accept-Language:zh-TW,zh;q=0.9,en-US;q=0.8,en;q=0.7
Authorization:123
Host:localhost:5000
User-Agent:Mozilla/5.0 (Windows NT 10.0; Win64; x64) AppleWebKit/537.36 (KHTML, like Gecko) Chrome/62.0.3202.94 Safari/537.36
Postman-Token:a69d6e10-c90b-2898-f5ae-f73c2922a41f
 
2017-12-14 14:34:20.4022|DEBUG ||WDev.AspNetCore.Middleware.HttpLoggingMiddleware|  |
Response(500) GET http://localhost:5000/api/PushMessage/ALL  (Duration = 00:00:07.3500457)
Content-Type:application/json
[{"_id":{"timestamp":1513145195,"machine":5520659,"pid":-12558,"increment":9824375,"creationTime":"2017-12-13T06:06:35Z"},"messageSN":"201712130001","fcmAuth":"FIRSTFCMAUTH","deviceID":"DEVICEID","message_Data":"MessageData","message_Noti":"MessageNoti","status":"S","error":"ErrorMessage","pushTime":{"bsonType":9,"isValidDateTime":true,"millisecondsSinceEpoch":1514125559000,"rawValue":1514125559000,"value":"2017-12-24T14:25:59Z"{"error":"Error getting value from 'AsBoolean' on 'MongoDB.Bson.BsonDateTime'."} 
2017-12-14 14:44:56.0318|DEBUG ||WDev.AspNetCore.Middleware.HttpLoggingMiddleware|  |
Request GET http://localhost:5000/ 
Connection:keep-alive
 
2017-12-14 14:44:56.1795|DEBUG ||WDev.AspNetCore.Middleware.HttpLoggingMiddleware|  |
Response(404) GET http://localhost:5000/  (Duration = 00:00:00.2186920)
 
2017-12-14 14:45:00.0480|DEBUG ||WDev.AspNetCore.Middleware.HttpLoggingMiddleware|  |
Request GET http://localhost:5000/api/PushMessage/ALL 
Connection:keep-alive
Accept:*/*
Accept-Encoding:gzip, deflate, br
Accept-Language:zh-TW,zh;q=0.9,en-US;q=0.8,en;q=0.7
Authorization:123
Host:localhost:5000
User-Agent:Mozilla/5.0 (Windows NT 10.0; Win64; x64) AppleWebKit/537.36 (KHTML, like Gecko) Chrome/62.0.3202.94 Safari/537.36
Postman-Token:254383e6-e8d7-10af-84e1-57d2b4ec69d6
 
2017-12-14 14:45:01.0710|DEBUG ||WDev.AspNetCore.Middleware.HttpLoggingMiddleware|  |
Response(200) GET http://localhost:5000/api/PushMessage/ALL  (Duration = 00:00:01.0167293)
Content-Type:application/json; charset=utf-8
[{"_id":{"timestamp":1513145195,"machine":5520659,"pid":-12558,"increment":9824375,"creationTime":"2017-12-13T06:06:35Z"},"messageSN":"201712130001","fcmAuth":"FIRSTFCMAUTH","deviceID":"DEVICEID","message_Data":"MessageData","message_Noti":"MessageNoti","status":"S","error":"ErrorMessage","pushTime":"2017-12-24T22:25:59+08:00","pushID":"PushID"}] 
2017-12-14 14:48:32.6994|DEBUG ||WDev.AspNetCore.Middleware.HttpLoggingMiddleware|  |
Request GET http://localhost:5000/ 
Connection:keep-alive
Accept-Language:zh-TW,zh;q=0.9,en-US;q=0.8,en;q=0.7
Upgrade-Insecure-Requests:1
 
2017-12-14 14:48:32.8450|DEBUG ||WDev.AspNetCore.Middleware.HttpLoggingMiddleware|  |
Response(404) GET http://localhost:5000/  (Duration = 00:00:00.1891124)
 
2017-12-14 14:48:47.1025|DEBUG ||WDev.AspNetCore.Middleware.HttpLoggingMiddleware|  |
Request GET http://localhost:5000/api/PushMessage/ALL 
Cache-Control:no-cache
Connection:keep-alive
Accept:*/*
Accept-Encoding:gzip, deflate, br
Accept-Language:zh-TW,zh;q=0.9,en-US;q=0.8,en;q=0.7
Authorization:123
Host:localhost:5000
User-Agent:Mozilla/5.0 (Windows NT 10.0; Win64; x64) AppleWebKit/537.36 (KHTML, like Gecko) Chrome/62.0.3202.94 Safari/537.36
Postman-Token:de9b2b16-8ea7-b117-c4ef-50d19106cb7a
 
2017-12-14 14:48:48.1049|DEBUG ||WDev.AspNetCore.Middleware.HttpLoggingMiddleware|  |
Response(200) GET http://localhost:5000/api/PushMessage/ALL  (Duration = 00:00:01.0046831)
Content-Type:application/json; charset=utf-8
[{"_id":{"timestamp":1513145195,"machine":5520659,"pid":-12558,"increment":9824375,"creationTime":"2017-12-13T06:06:35Z"},"messageSN":"201712130001","fcmAuth":"FIRSTFCMAUTH","deviceID":"DEVICEID","message_Data":"MessageData","message_Noti":"MessageNoti","status":"S","error":"ErrorMessage","pushTime":"2017-12-24T14:25:59+08:00","pushID":"PushID"}] 
2017-12-14 14:49:12.0453|DEBUG ||WDev.AspNetCore.Middleware.HttpLoggingMiddleware|  |
Request GET http://localhost:5000/api/PushMessage/ALL/2017122414/2014122415 
Cache-Control:no-cache
Connection:keep-alive
Accept:*/*
Accept-Encoding:gzip, deflate, br
Accept-Language:zh-TW,zh;q=0.9,en-US;q=0.8,en;q=0.7
Authorization:123
Host:localhost:5000
User-Agent:Mozilla/5.0 (Windows NT 10.0; Win64; x64) AppleWebKit/537.36 (KHTML, like Gecko) Chrome/62.0.3202.94 Safari/537.36
Postman-Token:6b770695-221c-9760-67c1-6c59b197acd5
 
2017-12-14 14:49:12.5143|DEBUG ||WDev.AspNetCore.Middleware.HttpLoggingMiddleware|  |
Response(451) GET http://localhost:5000/api/PushMessage/ALL/2017122414/2014122415  (Duration = 00:00:00.4704866)
Content-Type:application/json
{"ErrorCode":451,"ErrorMsg":"資料格式錯誤。(查詢時間欄位格式有誤!!)"} 
2017-12-14 14:49:19.5907|DEBUG ||WDev.AspNetCore.Middleware.HttpLoggingMiddleware|  |
Request GET http://localhost:5000/api/PushMessage/ALL/2017122414/2017122415 
Cache-Control:no-cache
Connection:keep-alive
Accept-Encoding:gzip, deflate, br
Accept-Language:zh-TW,zh;q=0.9,en-US;q=0.8,en;q=0.7
Authorization:123
Host:localhost:5000
User-Agent:Mozilla/5.0 (Windows NT 10.0; Win64; x64) AppleWebKit/537.36 (KHTML, like Gecko) Chrome/62.0.3202.94 Safari/537.36
Postman-Token:7552b57e-4b22-29bc-a20e-bc82eea704f2
 
2017-12-14 14:49:19.7350|DEBUG ||WDev.AspNetCore.Middleware.HttpLoggingMiddleware|  |
Response(200) GET http://localhost:5000/api/PushMessage/ALL/2017122414/2017122415  (Duration = 00:00:00.1355088)
Content-Type:application/json; charset=utf-8
[{"_id":{"timestamp":1513145195,"machine":5520659,"pid":-12558,"increment":9824375,"creationTime":"2017-12-13T06:06:35Z"},"messageSN":"201712130001","fcmAuth":"FIRSTFCMAUTH","deviceID":"DEVICEID","message_Data":"MessageData","message_Noti":"MessageNoti","status":"S","error":"ErrorMessage","pushTime":"2017-12-24T14:25:59+08:00","pushID":"PushID"}] 
2017-12-14 14:49:29.8274|DEBUG ||WDev.AspNetCore.Middleware.HttpLoggingMiddleware|  |
Request GET http://localhost:5000/api/PushMessage/ALL/2017122413/2017122414 
Cache-Control:no-cache
Connection:keep-alive
Accept:*/*
Accept-Encoding:gzip, deflate, br
Accept-Language:zh-TW,zh;q=0.9,en-US;q=0.8,en;q=0.7
Authorization:123
Host:localhost:5000
User-Agent:Mozilla/5.0 (Windows NT 10.0; Win64; x64) AppleWebKit/537.36 (KHTML, like Gecko) Chrome/62.0.3202.94 Safari/537.36
Postman-Token:0c02b7c0-29e1-2bea-d4b9-9795ebb4aa1f
 
2017-12-14 14:49:29.9605|DEBUG ||WDev.AspNetCore.Middleware.HttpLoggingMiddleware|  |
Response(200) GET http://localhost:5000/api/PushMessage/ALL/2017122413/2017122414  (Duration = 00:00:00.1254533)
Content-Type:application/json; charset=utf-8
[] 
2017-12-14 14:49:35.0028|DEBUG ||WDev.AspNetCore.Middleware.HttpLoggingMiddleware|  |
Request GET http://localhost:5000/api/PushMessage/ALL/2017122414/2017122415 
Cache-Control:no-cache
Connection:keep-alive
Accept:*/*
Accept-Encoding:gzip, deflate, br
Accept-Language:zh-TW,zh;q=0.9,en-US;q=0.8,en;q=0.7
Authorization:123
Host:localhost:5000
User-Agent:Mozilla/5.0 (Windows NT 10.0; Win64; x64) AppleWebKit/537.36 (KHTML, like Gecko) Chrome/62.0.3202.94 Safari/537.36
Postman-Token:107a5423-266d-e8de-4d95-42454bd7983d
 
2017-12-14 14:49:35.1884|DEBUG ||WDev.AspNetCore.Middleware.HttpLoggingMiddleware|  |
Response(200) GET http://localhost:5000/api/PushMessage/ALL/2017122414/2017122415  (Duration = 00:00:00.1785866)
Content-Type:application/json; charset=utf-8
[{"_id":{"timestamp":1513145195,"machine":5520659,"pid":-12558,"increment":9824375,"creationTime":"2017-12-13T06:06:35Z"},"messageSN":"201712130001","fcmAuth":"FIRSTFCMAUTH","deviceID":"DEVICEID","message_Data":"MessageData","message_Noti":"MessageNoti","status":"S","error":"ErrorMessage","pushTime":"2017-12-24T14:25:59+08:00","pushID":"PushID"}] 
2017-12-14 16:56:12.4555|DEBUG ||WDev.AspNetCore.Middleware.HttpLoggingMiddleware|  |
Request GET http://localhost:5000/ 
Accept:text/html,application/xhtml+xml,application/xml;q=0.9,image/webp,image/apng,*/*;q=0.8
Accept-Language:zh-TW,zh;q=0.9,en-US;q=0.8,en;q=0.7
User-Agent:Mozilla/5.0 (Windows NT 10.0; Win64; x64) AppleWebKit/537.36 (KHTML, like Gecko) Chrome/62.0.3202.94 Safari/537.36
Upgrade-Insecure-Requests:1
 
2017-12-14 16:56:12.7205|DEBUG ||WDev.AspNetCore.Middleware.HttpLoggingMiddleware|  |
Response(404) GET http://localhost:5000/  (Duration = 00:00:00.3063053)
 
2017-12-14 16:56:16.5828|DEBUG ||WDev.AspNetCore.Middleware.HttpLoggingMiddleware|  |
Request GET http://localhost:5000/api/PushMessage/ALL/2017122414/2017122415 
Cache-Control:no-cache
Connection:keep-alive
Accept:*/*
Accept-Encoding:gzip, deflate, br
Accept-Language:zh-TW,zh;q=0.9,en-US;q=0.8,en;q=0.7
Authorization:123
Host:localhost:5000
User-Agent:Mozilla/5.0 (Windows NT 10.0; Win64; x64) AppleWebKit/537.36 (KHTML, like Gecko) Chrome/62.0.3202.94 Safari/537.36
Postman-Token:f5a65034-a5c3-8591-9b24-19aaf9e93ae8
 
2017-12-14 16:56:17.8700|DEBUG ||WDev.AspNetCore.Middleware.HttpLoggingMiddleware|  |
Response(200) GET http://localhost:5000/api/PushMessage/ALL/2017122414/2017122415  (Duration = 00:00:01.2901244)
Content-Type:application/json; charset=utf-8
[{"messageSN":"201712130001","fcmAuth":"FIRSTFCMAUTH","targetDeviceID":"DEVICEID","data":"MessageData","notification":"MessageNoti","dataTime":"2017/12/24 14:25:59","status":"S","errorMsg":"ErrorMessage"}] 
2017-12-14 17:29:57.6688|DEBUG ||WDev.AspNetCore.Middleware.HttpLoggingMiddleware|  |
Request GET http://localhost:5000/ 
Connection:keep-alive
Upgrade-Insecure-Requests:1
 
2017-12-14 17:29:57.9175|DEBUG ||WDev.AspNetCore.Middleware.HttpLoggingMiddleware|  |
Response(404) GET http://localhost:5000/  (Duration = 00:00:00.2996484)
 
2017-12-14 17:30:01.9551|DEBUG ||WDev.AspNetCore.Middleware.HttpLoggingMiddleware|  |
Request GET http://localhost:5000/api/PushMessage/ALL/2017122414/2017122415 
Cache-Control:no-cache
Connection:keep-alive
Accept:*/*
Accept-Encoding:gzip, deflate, br
Accept-Language:zh-TW,zh;q=0.9,en-US;q=0.8,en;q=0.7
Authorization:123
Host:localhost:5000
User-Agent:Mozilla/5.0 (Windows NT 10.0; Win64; x64) AppleWebKit/537.36 (KHTML, like Gecko) Chrome/62.0.3202.94 Safari/537.36
Postman-Token:730183f0-4e1b-de9c-6b6a-aad24b3d74e5
 
