2017-12-14 17:29:57.6073-----------0001:PushServer Start Logging---------------------
 Time     :2017-12-14 17:29:57.4621
 Level    :INFO
 Machine  :DESKTOP-K5EOA2A
 Process  :85740|dotnet
 Thread   :6$|{threadname}
 Logger   :Microsoft.AspNetCore.Hosting.Internal.WebHost
 TraceIdentifier:
 Host     :
 Method   :
 Request-Url:
 Useragent:
 isAuthenticated:
 Request-ip:
 Request-referrer:
 Request-cookie:
 all-event-properties:Protocol=HTTP/1.1, Method=GET, ContentType=, ContentLength=, Scheme=http, Host=localhost:5000, PathBase=, Path=/, QueryString=, EventId_Id=1, EventId_Name=, EventId=1
 MVC-Action:
 MVC-Controller:
 call     :Microsoft.AspNetCore.Hosting.Internal.HostingApplicationDiagnostics.LogRequestStarting
 stack    :<ProcessRequestsAsync>d__2.MoveNext => HostingApplication.CreateContext => HostingApplicationDiagnostics.LogRequestStarting
 exception:
 message  :Request starting HTTP/1.1 GET http://localhost:5000/  
 ------------------------------------------------------------------------
 Time     :2017-12-14 17:29:57.6688
 Level    :DEBUG
 Machine  :DESKTOP-K5EOA2A
 Process  :85740|dotnet
 Thread   :6$|{threadname}
 Logger   :WDev.AspNetCore.Middleware.HttpLoggingMiddleware
 TraceIdentifier:
 Host     :
 Method   :
 Request-Url:
 Useragent:
 isAuthenticated:
 Request-ip:
 Request-referrer:
 Request-cookie:
 all-event-properties:
 MVC-Action:
 MVC-Controller:
 call     :WDev.AspNetCore.Middleware.HttpLoggingMiddleware.Invoke(d:\Workspace\Foya\FoyaService\DotNetCore\PushServer\Middleware\HttpLoggingMiddleware.cs:39)
 stack    :AsyncTaskMethodBuilder.Start => <Invoke>d__7.MoveNext => HttpLoggingMiddleware.Invoke
 exception:
 message  :Request GET http://localhost:5000/ 
Connection:keep-alive
Upgrade-Insecure-Requests:1

 ------------------------------------------------------------------------
 Time     :2017-12-14 17:29:57.9175
 Level    :DEBUG
 Machine  :DESKTOP-K5EOA2A
 Process  :85740|dotnet
 Thread   :6$|{threadname}
 Logger   :WDev.AspNetCore.Middleware.HttpLoggingMiddleware
 TraceIdentifier:
 Host     :
 Method   :
 Request-Url:
 Useragent:
 isAuthenticated:
 Request-ip:
 Request-referrer:
 Request-cookie:
 all-event-properties:
 MVC-Action:
 MVC-Controller:
 call     :WDev.AspNetCore.Middleware.HttpLoggingMiddleware.Invoke(d:\Workspace\Foya\FoyaService\DotNetCore\PushServer\Middleware\HttpLoggingMiddleware.cs:49)
 stack    :AsyncTaskMethodBuilder.Start => <Invoke>d__7.MoveNext => HttpLoggingMiddleware.Invoke
 exception:
 message  :Response(404) GET http://localhost:5000/  (Duration = 00:00:00.2996484)

 ------------------------------------------------------------------------
 Time     :2017-12-14 17:29:57.9284
 Level    :INFO
 Machine  :DESKTOP-K5EOA2A
 Process  :85740|dotnet
 Thread   :6$|{threadname}
 Logger   :Microsoft.AspNetCore.Hosting.Internal.WebHost
 TraceIdentifier:
 Host     :
 Method   :
 Request-Url:
 Useragent:
 isAuthenticated:
 Request-ip:
 Request-referrer:
 Request-cookie:
 all-event-properties:ElapsedMilliseconds=474.2568, StatusCode=404, ContentType=, EventId_Id=2, EventId_Name=, EventId=2
 MVC-Action:
 MVC-Controller:
 call     :Microsoft.AspNetCore.Hosting.Internal.HostingApplicationDiagnostics.LogRequestFinished
 stack    :<ProcessRequestsAsync>d__2.MoveNext => HostingApplication.DisposeContext => HostingApplicationDiagnostics.LogRequestFinished
 exception:
 message  :Request finished in 474.2568ms 404 
 ------------------------------------------------------------------------
 Time     :2017-12-14 17:30:01.9551
 Level    :INFO
 Machine  :DESKTOP-K5EOA2A
 Process  :85740|dotnet
 Thread   :6$|{threadname}
 Logger   :Microsoft.AspNetCore.Hosting.Internal.WebHost
 TraceIdentifier:
 Host     :
 Method   :
 Request-Url:
 Useragent:
 isAuthenticated:
 Request-ip:
 Request-referrer:
 Request-cookie:
 all-event-properties:Protocol=HTTP/1.1, Method=GET, ContentType=, ContentLength=, Scheme=http, Host=localhost:5000, PathBase=, Path=/api/PushMessage/ALL/2017122414/2017122415, QueryString=, EventId_Id=1, EventId_Name=, EventId=1
 MVC-Action:
 MVC-Controller:
 call     :Microsoft.AspNetCore.Hosting.Internal.HostingApplicationDiagnostics.LogRequestStarting
 stack    :<ProcessRequestsAsync>d__2.MoveNext => HostingApplication.CreateContext => HostingApplicationDiagnostics.LogRequestStarting
 exception:
 message  :Request starting HTTP/1.1 GET http://localhost:5000/api/PushMessage/ALL/2017122414/2017122415  
 ------------------------------------------------------------------------
 Time     :2017-12-14 17:30:01.9551
 Level    :DEBUG
 Machine  :DESKTOP-K5EOA2A
 Process  :85740|dotnet
 Thread   :6$|{threadname}
 Logger   :WDev.AspNetCore.Middleware.HttpLoggingMiddleware
 TraceIdentifier:
 Host     :
 Method   :
 Request-Url:
 Useragent:
 isAuthenticated:
 Request-ip:
 Request-referrer:
 Request-cookie:
 all-event-properties:
 MVC-Action:
 MVC-Controller:
 call     :WDev.AspNetCore.Middleware.HttpLoggingMiddleware.Invoke(d:\Workspace\Foya\FoyaService\DotNetCore\PushServer\Middleware\HttpLoggingMiddleware.cs:39)
 stack    :AsyncTaskMethodBuilder.Start => <Invoke>d__7.MoveNext => HttpLoggingMiddleware.Invoke
 exception:
 message  :Request GET http://localhost:5000/api/PushMessage/ALL/2017122414/2017122415 
Cache-Control:no-cache
Connection:keep-alive
Accept:*/*
Accept-Encoding:gzip, deflate, br
Accept-Language:zh-TW,zh;q=0.9,en-US;q=0.8,en;q=0.7
Authorization:123
Host:localhost:5000
User-Agent:Mozilla/5.0 (Windows NT 10.0; Win64; x64) AppleWebKit/537.36 (KHTML, like Gecko) Chrome/62.0.3202.94 Safari/537.36
Postman-Token:730183f0-4e1b-de9c-6b6a-aad24b3d74e5

 ------------------------------------------------------------------------
 Time     :2017-12-14 17:30:02.3874
 Level    :INFO
 Machine  :DESKTOP-K5EOA2A
 Process  :85740|dotnet
 Thread   :6$|{threadname}
 Logger   :Microsoft.AspNetCore.Mvc.Internal.ControllerActionInvoker
 TraceIdentifier:
 Host     :
 Method   :
 Request-Url:
 Useragent:
 isAuthenticated:
 Request-ip:
 Request-referrer:
 Request-cookie:
 all-event-properties:ActionName=PushServer.Controllers.PushMessageController.Get (PushServer), Arguments="ALL", "2017122414", "2017122415", ValidationState=Valid, EventId_Id=1, EventId_Name=, EventId=1
 MVC-Action:
 MVC-Controller:
 call     :Microsoft.AspNetCore.Mvc.Internal.MvcCoreLoggerExtensions.ActionMethodExecuting
 stack    :AsyncTaskMethodBuilder.Start => <InvokeActionMethodAsync>d__12.MoveNext => MvcCoreLoggerExtensions.ActionMethodExecuting
 exception:
 message  :Executing action method PushServer.Controllers.PushMessageController.Get (PushServer) with arguments (ALL, 2017122414, 2017122415) - ModelState is Valid
 ------------------------------------------------------------------------
