2017-12-13 16:00:12.9040-----------0001:PushServer Start Logging---------------------
 Time     :2017-12-13 16:00:12.8669
 Level    :INFO
 Machine  :DESKTOP-K5EOA2A
 Process  :139656|dotnet
 Thread   :18$|{threadname}
 Logger   :Microsoft.AspNetCore.Mvc.Internal.ControllerActionInvoker
 TraceIdentifier:
 Host     :
 Method   :
 Request-Url:
 Useragent:
 isAuthenticated:
 Request-ip:
 Request-referrer:
 Request-cookie:
 all-event-properties:ActionName=PushServer.Controllers.PushMessageController.Get (PushServer), ElapsedMilliseconds=30139.3502, EventId_Id=2, EventId_Name=, EventId=2
 MVC-Action:
 MVC-Controller:
 call     :Microsoft.AspNetCore.Mvc.Internal.MvcCoreLoggerExtensions.ExecutedAction
 stack    :ExecutionContext.Run => <InvokeAsync>d__15.MoveNext => MvcCoreLoggerExtensions.ExecutedAction
 exception:
 message  :Executed action PushServer.Controllers.PushMessageController.Get (PushServer) in 30139.3502ms
 ------------------------------------------------------------------------
 Time     :2017-12-13 16:00:12.9743
 Level    :DEBUG
 Machine  :DESKTOP-K5EOA2A
 Process  :139656|dotnet
 Thread   :18$|{threadname}
 Logger   :WDev.AspNetCore.Middleware.HttpLoggingMiddleware
 TraceIdentifier:
 Host     :
 Method   :
 Request-Url:
 Useragent:
 isAuthenticated:
 Request-ip:
 Request-referrer:
 Request-cookie:
 all-event-properties:
 MVC-Action:
 MVC-Controller:
 call     :WDev.AspNetCore.Middleware.HttpLoggingMiddleware+<Invoke>d__3.MoveNext(d:\Workspace\Foya\FoyaService\DotNetCore\PushServer\Middleware\HttpLoggingMiddleware.cs:49)
 stack    :AwaitTaskContinuation.RunOrScheduleAction => ExecutionContext.Run => <Invoke>d__3.MoveNext
 exception:
 message  :Response(500) GET http://localhost:5000/api/PushMessage  (Duration = 00:00:30.2668564)
Content-Type:application/json
{"error":"A timeout occured after 30000ms selecting a server using CompositeServerSelector{ Selectors = MongoDB.Driver.MongoClient+AreSessionsSupportedServerSelector, LatencyLimitingServerSelector{ AllowedLatencyRange = 00:00:00.0150000 } }. Client view of cluster state is { ClusterId : \"1\", ConnectionMode : \"Automatic\", Type : \"Unknown\", State : \"Disconnected\", Servers : [{ ServerId: \"{ ClusterId : 1, EndPoint : \"Unspecified/localhost:27017\" }\", EndPoint: \"Unspecified/localhost:27017\", State: \"Disconnected\", Type: \"Unknown\", HeartbeatException: \"MongoDB.Driver.MongoConnectionException: An exception occurred while opening a connection to the server. ---> System.Net.Internals.SocketExceptionFactory+ExtendedSocketException: 無法連線，因為目標電腦拒絕連線。 [::1]:27017\r\n   at System.Net.Sockets.Socket.DoConnect(EndPoint endPointSnapshot, SocketAddress socketAddress)\r\n   at System.Net.Sockets.Socket.Connect(EndPoint remoteEP)\r\n   at System.Threading.ExecutionContext.Run(ExecutionContext executionContext, ContextCallback callback, Object state)\r\n   at System.Threading.Tasks.Task.ExecuteWithThreadLocal(Task& currentTaskSlot)\r\n--- End of stack trace from previous location where exception was thrown ---\r\n   at System.Runtime.ExceptionServices.ExceptionDispatchInfo.Throw()\r\n   at System.Runtime.CompilerServices.TaskAwaiter.HandleNonSuccessAndDebuggerNotification(Task task)\r\n   at MongoDB.Driver.Core.Connections.TcpStreamFactory.<ConnectAsync>d__7.MoveNext()\r\n--- End of stack trace from previous location where exception was thrown ---\r\n   at System.Runtime.ExceptionServices.ExceptionDispatchInfo.Throw()\r\n   at System.Runtime.CompilerServices.TaskAwaiter.HandleNonSuccessAndDebuggerNotification(Task task)\r\n   at MongoDB.Driver.Core.Connections.TcpStreamFactory.<CreateStreamAsync>d__4.MoveNext()\r\n--- End of stack trace from previous location where exception was thrown ---\r\n   at System.Runtime.ExceptionServices.ExceptionDispatchInfo.Throw()\r\n   at System.Runtime.CompilerServices.TaskAwaiter.HandleNonSuccessAndDebuggerNotification(Task task)\r\n   at MongoDB.Driver.Core.Connections.BinaryConnection.<OpenHelperAsync>d__48.MoveNext()\r\n   --- End of inner exception stack trace ---\r\n   at MongoDB.Driver.Core.Connections.BinaryConnection.<OpenHelperAsync>d__48.MoveNext()\r\n--- End of stack trace from previous location where exception was thrown ---\r\n   at System.Runtime.ExceptionServices.ExceptionDispatchInfo.Throw()\r\n   at System.Runtime.CompilerServices.TaskAwaiter.HandleNonSuccessAndDebuggerNotification(Task task)\r\n   at MongoDB.Driver.Core.Servers.ServerMonitor.<HeartbeatAsync>d__27.MoveNext()\" }] }."}
 ------------------------------------------------------------------------
 Time     :2017-12-13 16:00:13.0127
 Level    :INFO
 Machine  :DESKTOP-K5EOA2A
 Process  :139656|dotnet
 Thread   :18$|{threadname}
 Logger   :Microsoft.AspNetCore.Hosting.Internal.WebHost
 TraceIdentifier:
 Host     :
 Method   :
 Request-Url:
 Useragent:
 isAuthenticated:
 Request-ip:
 Request-referrer:
 Request-cookie:
 all-event-properties:ElapsedMilliseconds=30317.1982, StatusCode=500, ContentType=application/json, EventId_Id=2, EventId_Name=, EventId=2
 MVC-Action:
 MVC-Controller:
 call     :Microsoft.AspNetCore.Hosting.Internal.HostingApplicationDiagnostics.LogRequestFinished
 stack    :<ProcessRequestsAsync>d__2.MoveNext => HostingApplication.DisposeContext => HostingApplicationDiagnostics.LogRequestFinished
 exception:
 message  :Request finished in 30317.1982ms 500 application/json
 ------------------------------------------------------------------------
 Time     :2017-12-13 16:01:38.3372
 Level    :INFO
 Machine  :DESKTOP-K5EOA2A
 Process  :127284|dotnet
 Thread   :6$|{threadname}
 Logger   :Microsoft.AspNetCore.Hosting.Internal.WebHost
 TraceIdentifier:
 Host     :
 Method   :
 Request-Url:
 Useragent:
 isAuthenticated:
 Request-ip:
 Request-referrer:
 Request-cookie:
 all-event-properties:Protocol=HTTP/1.1, Method=GET, ContentType=, ContentLength=, Scheme=http, Host=localhost:5000, PathBase=, Path=/, QueryString=, EventId_Id=1, EventId_Name=, EventId=1
 MVC-Action:
 MVC-Controller:
 call     :Microsoft.AspNetCore.Hosting.Internal.HostingApplicationDiagnostics.LogRequestStarting
 stack    :<ProcessRequestsAsync>d__2.MoveNext => HostingApplication.CreateContext => HostingApplicationDiagnostics.LogRequestStarting
 exception:
 message  :Request starting HTTP/1.1 GET http://localhost:5000/  
 ------------------------------------------------------------------------
 Time     :2017-12-13 16:01:38.5867
 Level    :DEBUG
 Machine  :DESKTOP-K5EOA2A
 Process  :127284|dotnet
 Thread   :6$|{threadname}
 Logger   :WDev.AspNetCore.Middleware.HttpLoggingMiddleware
 TraceIdentifier:
 Host     :
 Method   :
 Request-Url:
 Useragent:
 isAuthenticated:
 Request-ip:
 Request-referrer:
 Request-cookie:
 all-event-properties:
 MVC-Action:
 MVC-Controller:
 call     :WDev.AspNetCore.Middleware.HttpLoggingMiddleware.Invoke(d:\Workspace\Foya\FoyaService\DotNetCore\PushServer\Middleware\HttpLoggingMiddleware.cs:39)
 stack    :AsyncTaskMethodBuilder.Start => <Invoke>d__7.MoveNext => HttpLoggingMiddleware.Invoke
 exception:
 message  :Request GET http://localhost:5000/ 
Accept:text/html,application/xhtml+xml,application/xml;q=0.9,image/webp,image/apng,*/*;q=0.8
Upgrade-Insecure-Requests:1

 ------------------------------------------------------------------------
 Time     :2017-12-13 16:01:38.7295
 Level    :DEBUG
 Machine  :DESKTOP-K5EOA2A
 Process  :127284|dotnet
 Thread   :6$|{threadname}
 Logger   :WDev.AspNetCore.Middleware.HttpLoggingMiddleware
 TraceIdentifier:
 Host     :
 Method   :
 Request-Url:
 Useragent:
 isAuthenticated:
 Request-ip:
 Request-referrer:
 Request-cookie:
 all-event-properties:
 MVC-Action:
 MVC-Controller:
 call     :WDev.AspNetCore.Middleware.HttpLoggingMiddleware.Invoke(d:\Workspace\Foya\FoyaService\DotNetCore\PushServer\Middleware\HttpLoggingMiddleware.cs:49)
 stack    :AsyncTaskMethodBuilder.Start => <Invoke>d__7.MoveNext => HttpLoggingMiddleware.Invoke
 exception:
 message  :Response(404) GET http://localhost:5000/  (Duration = 00:00:00.2116026)

 ------------------------------------------------------------------------
 Time     :2017-12-13 16:01:38.7427
 Level    :INFO
 Machine  :DESKTOP-K5EOA2A
 Process  :127284|dotnet
 Thread   :6$|{threadname}
 Logger   :Microsoft.AspNetCore.Hosting.Internal.WebHost
 TraceIdentifier:
 Host     :
 Method   :
 Request-Url:
 Useragent:
 isAuthenticated:
 Request-ip:
 Request-referrer:
 Request-cookie:
 all-event-properties:ElapsedMilliseconds=426.5728, StatusCode=404, ContentType=, EventId_Id=2, EventId_Name=, EventId=2
 MVC-Action:
 MVC-Controller:
 call     :Microsoft.AspNetCore.Hosting.Internal.HostingApplicationDiagnostics.LogRequestFinished
 stack    :<ProcessRequestsAsync>d__2.MoveNext => HostingApplication.DisposeContext => HostingApplicationDiagnostics.LogRequestFinished
 exception:
 message  :Request finished in 426.5728ms 404 
 ------------------------------------------------------------------------
 Time     :2017-12-13 16:01:45.0588
 Level    :INFO
 Machine  :DESKTOP-K5EOA2A
 Process  :127284|dotnet
 Thread   :6$|{threadname}
 Logger   :Microsoft.AspNetCore.Hosting.Internal.WebHost
 TraceIdentifier:
 Host     :
 Method   :
 Request-Url:
 Useragent:
 isAuthenticated:
 Request-ip:
 Request-referrer:
 Request-cookie:
 all-event-properties:Protocol=HTTP/1.1, Method=GET, ContentType=, ContentLength=, Scheme=http, Host=localhost:5000, PathBase=, Path=/api/PushMessage, QueryString=, EventId_Id=1, EventId_Name=, EventId=1
 MVC-Action:
 MVC-Controller:
 call     :Microsoft.AspNetCore.Hosting.Internal.HostingApplicationDiagnostics.LogRequestStarting
 stack    :<ProcessRequestsAsync>d__2.MoveNext => HostingApplication.CreateContext => HostingApplicationDiagnostics.LogRequestStarting
 exception:
 message  :Request starting HTTP/1.1 GET http://localhost:5000/api/PushMessage  
 ------------------------------------------------------------------------
 Time     :2017-12-13 16:01:45.0588
 Level    :DEBUG
 Machine  :DESKTOP-K5EOA2A
 Process  :127284|dotnet
 Thread   :6$|{threadname}
 Logger   :WDev.AspNetCore.Middleware.HttpLoggingMiddleware
 TraceIdentifier:
 Host     :
 Method   :
 Request-Url:
 Useragent:
 isAuthenticated:
 Request-ip:
 Request-referrer:
 Request-cookie:
 all-event-properties:
 MVC-Action:
 MVC-Controller:
 call     :WDev.AspNetCore.Middleware.HttpLoggingMiddleware.Invoke(d:\Workspace\Foya\FoyaService\DotNetCore\PushServer\Middleware\HttpLoggingMiddleware.cs:39)
 stack    :AsyncTaskMethodBuilder.Start => <Invoke>d__7.MoveNext => HttpLoggingMiddleware.Invoke
 exception:
 message  :Request GET http://localhost:5000/api/PushMessage 
Cache-Control:no-cache
Connection:keep-alive
Accept:*/*
Accept-Encoding:gzip, deflate, br
Accept-Language:zh-TW,zh;q=0.9,en-US;q=0.8,en;q=0.7
Authorization:123
Host:localhost:5000
User-Agent:Mozilla/5.0 (Windows NT 10.0; Win64; x64) AppleWebKit/537.36 (KHTML, like Gecko) Chrome/62.0.3202.94 Safari/537.36
Postman-Token:c85b2bf5-d272-e770-8944-eb02df3df254

 ------------------------------------------------------------------------
 Time     :2017-12-13 16:01:45.5281
 Level    :INFO
 Machine  :DESKTOP-K5EOA2A
 Process  :127284|dotnet
 Thread   :6$|{threadname}
 Logger   :Microsoft.AspNetCore.Mvc.Internal.ControllerActionInvoker
 TraceIdentifier:
 Host     :
 Method   :
 Request-Url:
 Useragent:
 isAuthenticated:
 Request-ip:
 Request-referrer:
 Request-cookie:
 all-event-properties:ActionName=PushServer.Controllers.PushMessageController.Get (PushServer), Arguments=, ValidationState=Valid, EventId_Id=1, EventId_Name=, EventId=1
 MVC-Action:
 MVC-Controller:
 call     :Microsoft.AspNetCore.Mvc.Internal.MvcCoreLoggerExtensions.ActionMethodExecuting
 stack    :AsyncTaskMethodBuilder.Start => <InvokeActionMethodAsync>d__12.MoveNext => MvcCoreLoggerExtensions.ActionMethodExecuting
 exception:
 message  :Executing action method PushServer.Controllers.PushMessageController.Get (PushServer) with arguments ((null)) - ModelState is Valid
 ------------------------------------------------------------------------
 Time     :2017-12-13 16:01:46.1679
 Level    :INFO
 Machine  :DESKTOP-K5EOA2A
 Process  :127284|dotnet
 Thread   :14$|{threadname}
 Logger   :Microsoft.AspNetCore.Mvc.Internal.ControllerActionInvoker
 TraceIdentifier:
 Host     :
 Method   :
 Request-Url:
 Useragent:
 isAuthenticated:
 Request-ip:
 Request-referrer:
 Request-cookie:
 all-event-properties:ActionName=PushServer.Controllers.PushMessageController.Get (PushServer), ElapsedMilliseconds=1062.0435, EventId_Id=2, EventId_Name=, EventId=2
 MVC-Action:
 MVC-Controller:
 call     :Microsoft.AspNetCore.Mvc.Internal.MvcCoreLoggerExtensions.ExecutedAction
 stack    :ExecutionContext.Run => <InvokeAsync>d__15.MoveNext => MvcCoreLoggerExtensions.ExecutedAction
 exception:
 message  :Executed action PushServer.Controllers.PushMessageController.Get (PushServer) in 1062.0435ms
 ------------------------------------------------------------------------
 Time     :2017-12-13 16:01:46.3687
 Level    :DEBUG
 Machine  :DESKTOP-K5EOA2A
 Process  :127284|dotnet
 Thread   :14$|{threadname}
 Logger   :WDev.AspNetCore.Middleware.HttpLoggingMiddleware
 TraceIdentifier:
 Host     :
 Method   :
 Request-Url:
 Useragent:
 isAuthenticated:
 Request-ip:
 Request-referrer:
 Request-cookie:
 all-event-properties:
 MVC-Action:
 MVC-Controller:
 call     :WDev.AspNetCore.Middleware.HttpLoggingMiddleware+<Invoke>d__3.MoveNext(d:\Workspace\Foya\FoyaService\DotNetCore\PushServer\Middleware\HttpLoggingMiddleware.cs:49)
 stack    :AwaitTaskContinuation.RunOrScheduleAction => ExecutionContext.Run => <Invoke>d__3.MoveNext
 exception:
 message  :Response(500) GET http://localhost:5000/api/PushMessage  (Duration = 00:00:01.3028031)
Content-Type:application/json
{"error":"Element 'Message_Data' does not match any field or property of class PushServer.Model.FPS_PushHistory."}
 ------------------------------------------------------------------------
 Time     :2017-12-13 16:01:46.4216
 Level    :INFO
 Machine  :DESKTOP-K5EOA2A
 Process  :127284|dotnet
 Thread   :14$|{threadname}
 Logger   :Microsoft.AspNetCore.Hosting.Internal.WebHost
 TraceIdentifier:
 Host     :
 Method   :
 Request-Url:
 Useragent:
 isAuthenticated:
 Request-ip:
 Request-referrer:
 Request-cookie:
 all-event-properties:ElapsedMilliseconds=1362.7635, StatusCode=500, ContentType=application/json, EventId_Id=2, EventId_Name=, EventId=2
 MVC-Action:
 MVC-Controller:
 call     :Microsoft.AspNetCore.Hosting.Internal.HostingApplicationDiagnostics.LogRequestFinished
 stack    :<ProcessRequestsAsync>d__2.MoveNext => HostingApplication.DisposeContext => HostingApplicationDiagnostics.LogRequestFinished
 exception:
 message  :Request finished in 1362.7635ms 500 application/json
 ------------------------------------------------------------------------
 Time     :2017-12-13 16:02:30.6651
 Level    :INFO
 Machine  :DESKTOP-K5EOA2A
 Process  :5016|dotnet
 Thread   :6$|{threadname}
 Logger   :Microsoft.AspNetCore.Hosting.Internal.WebHost
 TraceIdentifier:
 Host     :
 Method   :
 Request-Url:
 Useragent:
 isAuthenticated:
 Request-ip:
 Request-referrer:
 Request-cookie:
 all-event-properties:Protocol=HTTP/1.1, Method=GET, ContentType=, ContentLength=, Scheme=http, Host=localhost:5000, PathBase=, Path=/, QueryString=, EventId_Id=1, EventId_Name=, EventId=1
 MVC-Action:
 MVC-Controller:
 call     :Microsoft.AspNetCore.Hosting.Internal.HostingApplicationDiagnostics.LogRequestStarting
 stack    :<ProcessRequestsAsync>d__2.MoveNext => HostingApplication.CreateContext => HostingApplicationDiagnostics.LogRequestStarting
 exception:
 message  :Request starting HTTP/1.1 GET http://localhost:5000/  
 ------------------------------------------------------------------------
 Time     :2017-12-13 16:02:30.9258
 Level    :DEBUG
 Machine  :DESKTOP-K5EOA2A
 Process  :5016|dotnet
 Thread   :6$|{threadname}
 Logger   :WDev.AspNetCore.Middleware.HttpLoggingMiddleware
 TraceIdentifier:
 Host     :
 Method   :
 Request-Url:
 Useragent:
 isAuthenticated:
 Request-ip:
 Request-referrer:
 Request-cookie:
 all-event-properties:
 MVC-Action:
 MVC-Controller:
 call     :WDev.AspNetCore.Middleware.HttpLoggingMiddleware.Invoke(d:\Workspace\Foya\FoyaService\DotNetCore\PushServer\Middleware\HttpLoggingMiddleware.cs:39)
 stack    :AsyncTaskMethodBuilder.Start => <Invoke>d__7.MoveNext => HttpLoggingMiddleware.Invoke
 exception:
 message  :Request GET http://localhost:5000/ 
Connection:keep-alive
Accept-Encoding:gzip, deflate, br
Host:localhost:5000
User-Agent:Mozilla/5.0 (Windows NT 10.0; Win64; x64) AppleWebKit/537.36 (KHTML, like Gecko) Chrome/62.0.3202.94 Safari/537.36
Upgrade-Insecure-Requests:1

 ------------------------------------------------------------------------
 Time     :2017-12-13 16:02:31.0510
 Level    :DEBUG
 Machine  :DESKTOP-K5EOA2A
 Process  :5016|dotnet
 Thread   :6$|{threadname}
 Logger   :WDev.AspNetCore.Middleware.HttpLoggingMiddleware
 TraceIdentifier:
 Host     :
 Method   :
 Request-Url:
 Useragent:
 isAuthenticated:
 Request-ip:
 Request-referrer:
 Request-cookie:
 all-event-properties:
 MVC-Action:
 MVC-Controller:
 call     :WDev.AspNetCore.Middleware.HttpLoggingMiddleware.Invoke(d:\Workspace\Foya\FoyaService\DotNetCore\PushServer\Middleware\HttpLoggingMiddleware.cs:49)
 stack    :AsyncTaskMethodBuilder.Start => <Invoke>d__7.MoveNext => HttpLoggingMiddleware.Invoke
 exception:
 message  :Response(404) GET http://localhost:5000/  (Duration = 00:00:00.2019528)

 ------------------------------------------------------------------------
 Time     :2017-12-13 16:02:31.0618
 Level    :INFO
 Machine  :DESKTOP-K5EOA2A
 Process  :5016|dotnet
 Thread   :6$|{threadname}
 Logger   :Microsoft.AspNetCore.Hosting.Internal.WebHost
 TraceIdentifier:
 Host     :
 Method   :
 Request-Url:
 Useragent:
 isAuthenticated:
 Request-ip:
 Request-referrer:
 Request-cookie:
 all-event-properties:ElapsedMilliseconds=406.7777, StatusCode=404, ContentType=, EventId_Id=2, EventId_Name=, EventId=2
 MVC-Action:
 MVC-Controller:
 call     :Microsoft.AspNetCore.Hosting.Internal.HostingApplicationDiagnostics.LogRequestFinished
 stack    :<ProcessRequestsAsync>d__2.MoveNext => HostingApplication.DisposeContext => HostingApplicationDiagnostics.LogRequestFinished
 exception:
 message  :Request finished in 406.7777ms 404 
 ------------------------------------------------------------------------
 Time     :2017-12-13 16:02:35.9543
 Level    :INFO
 Machine  :DESKTOP-K5EOA2A
 Process  :5016|dotnet
 Thread   :6$|{threadname}
 Logger   :Microsoft.AspNetCore.Hosting.Internal.WebHost
 TraceIdentifier:
 Host     :
 Method   :
 Request-Url:
 Useragent:
 isAuthenticated:
 Request-ip:
 Request-referrer:
 Request-cookie:
 all-event-properties:Protocol=HTTP/1.1, Method=GET, ContentType=, ContentLength=, Scheme=http, Host=localhost:5000, PathBase=, Path=/api/PushMessage, QueryString=, EventId_Id=1, EventId_Name=, EventId=1
 MVC-Action:
 MVC-Controller:
 call     :Microsoft.AspNetCore.Hosting.Internal.HostingApplicationDiagnostics.LogRequestStarting
 stack    :<ProcessRequestsAsync>d__2.MoveNext => HostingApplication.CreateContext => HostingApplicationDiagnostics.LogRequestStarting
 exception:
 message  :Request starting HTTP/1.1 GET http://localhost:5000/api/PushMessage  
 ------------------------------------------------------------------------
 Time     :2017-12-13 16:02:35.9543
 Level    :DEBUG
 Machine  :DESKTOP-K5EOA2A
 Process  :5016|dotnet
 Thread   :6$|{threadname}
 Logger   :WDev.AspNetCore.Middleware.HttpLoggingMiddleware
 TraceIdentifier:
 Host     :
 Method   :
 Request-Url:
 Useragent:
 isAuthenticated:
 Request-ip:
 Request-referrer:
 Request-cookie:
 all-event-properties:
 MVC-Action:
 MVC-Controller:
 call     :WDev.AspNetCore.Middleware.HttpLoggingMiddleware.Invoke(d:\Workspace\Foya\FoyaService\DotNetCore\PushServer\Middleware\HttpLoggingMiddleware.cs:39)
 stack    :AsyncTaskMethodBuilder.Start => <Invoke>d__7.MoveNext => HttpLoggingMiddleware.Invoke
 exception:
 message  :Request GET http://localhost:5000/api/PushMessage 
Cache-Control:no-cache
Connection:keep-alive
Accept:*/*
Accept-Encoding:gzip, deflate, br
Accept-Language:zh-TW,zh;q=0.9,en-US;q=0.8,en;q=0.7
Authorization:123
Host:localhost:5000
User-Agent:Mozilla/5.0 (Windows NT 10.0; Win64; x64) AppleWebKit/537.36 (KHTML, like Gecko) Chrome/62.0.3202.94 Safari/537.36
Postman-Token:cd44c31a-d615-4282-5707-fa20bc1b1c26

 ------------------------------------------------------------------------
 Time     :2017-12-13 16:02:36.3247
 Level    :INFO
 Machine  :DESKTOP-K5EOA2A
 Process  :5016|dotnet
 Thread   :6$|{threadname}
 Logger   :Microsoft.AspNetCore.Mvc.Internal.ControllerActionInvoker
 TraceIdentifier:
 Host     :
 Method   :
 Request-Url:
 Useragent:
 isAuthenticated:
 Request-ip:
 Request-referrer:
 Request-cookie:
 all-event-properties:ActionName=PushServer.Controllers.PushMessageController.Get (PushServer), Arguments=, ValidationState=Valid, EventId_Id=1, EventId_Name=, EventId=1
 MVC-Action:
 MVC-Controller:
 call     :Microsoft.AspNetCore.Mvc.Internal.MvcCoreLoggerExtensions.ActionMethodExecuting
 stack    :AsyncTaskMethodBuilder.Start => <InvokeActionMethodAsync>d__12.MoveNext => MvcCoreLoggerExtensions.ActionMethodExecuting
 exception:
 message  :Executing action method PushServer.Controllers.PushMessageController.Get (PushServer) with arguments ((null)) - ModelState is Valid
 ------------------------------------------------------------------------
 Time     :2017-12-13 16:02:36.8109
 Level    :INFO
 Machine  :DESKTOP-K5EOA2A
 Process  :5016|dotnet
 Thread   :3$|{threadname}
 Logger   :Microsoft.AspNetCore.Mvc.Internal.ObjectResultExecutor
 TraceIdentifier:
 Host     :
 Method   :
 Request-Url:
 Useragent:
 isAuthenticated:
 Request-ip:
 Request-referrer:
 Request-cookie:
 all-event-properties:Value=Microsoft.AspNetCore.Mvc.ControllerContext, EventId_Id=1, EventId_Name=, EventId=1
 MVC-Action:
 MVC-Controller:
 call     :Microsoft.AspNetCore.Mvc.Internal.MvcCoreLoggerExtensions.ObjectResultExecuting
 stack    :ObjectResult.ExecuteResultAsync => ObjectResultExecutor.ExecuteAsync => MvcCoreLoggerExtensions.ObjectResultExecuting
 exception:
 message  :Executing ObjectResult, writing value Microsoft.AspNetCore.Mvc.ControllerContext.
 ------------------------------------------------------------------------
 Time     :2017-12-13 16:02:36.8740
 Level    :INFO
 Machine  :DESKTOP-K5EOA2A
 Process  :5016|dotnet
 Thread   :3$|{threadname}
 Logger   :Microsoft.AspNetCore.Mvc.Internal.ControllerActionInvoker
 TraceIdentifier:
 Host     :
 Method   :
 Request-Url:
 Useragent:
 isAuthenticated:
 Request-ip:
 Request-referrer:
 Request-cookie:
 all-event-properties:ActionName=PushServer.Controllers.PushMessageController.Get (PushServer), ElapsedMilliseconds=864.2791, EventId_Id=2, EventId_Name=, EventId=2
 MVC-Action:
 MVC-Controller:
 call     :Microsoft.AspNetCore.Mvc.Internal.MvcCoreLoggerExtensions.ExecutedAction
 stack    :ExecutionContext.Run => <InvokeAsync>d__15.MoveNext => MvcCoreLoggerExtensions.ExecutedAction
 exception:
 message  :Executed action PushServer.Controllers.PushMessageController.Get (PushServer) in 864.2791ms
 ------------------------------------------------------------------------
 Time     :2017-12-13 16:02:36.9155
 Level    :DEBUG
 Machine  :DESKTOP-K5EOA2A
 Process  :5016|dotnet
 Thread   :3$|{threadname}
 Logger   :WDev.AspNetCore.Middleware.HttpLoggingMiddleware
 TraceIdentifier:
 Host     :
 Method   :
 Request-Url:
 Useragent:
 isAuthenticated:
 Request-ip:
 Request-referrer:
 Request-cookie:
 all-event-properties:
 MVC-Action:
 MVC-Controller:
 call     :WDev.AspNetCore.Middleware.HttpLoggingMiddleware+<Invoke>d__3.MoveNext(d:\Workspace\Foya\FoyaService\DotNetCore\PushServer\Middleware\HttpLoggingMiddleware.cs:49)
 stack    :AwaitTaskContinuation.RunOrScheduleAction => ExecutionContext.Run => <Invoke>d__3.MoveNext
 exception:
 message  :Response(200) GET http://localhost:5000/api/PushMessage  (Duration = 00:00:00.9545546)
Content-Type:text/plain; charset=utf-8
[{"_id":{"Timestamp":1513145195,"Machine":5520659,"Pid":-12558,"Increment":9824375,"CreationTime":"2017-12-13T06:06:35Z"},"MessageSN":"201712130001","FCMAuth":"FIRSTFCMAUTH","DeviceID":"DEVICEID","Message_Data":"MessageData","Message_Noti":"MessageNoti","Status":"S","Error":"ErrorMessage","PushTime":"2017-12-13 14:02:04.000","PushID":"PushID"}]
 ------------------------------------------------------------------------
 Time     :2017-12-13 16:02:36.9645
 Level    :INFO
 Machine  :DESKTOP-K5EOA2A
 Process  :5016|dotnet
 Thread   :3$|{threadname}
 Logger   :Microsoft.AspNetCore.Hosting.Internal.WebHost
 TraceIdentifier:
 Host     :
 Method   :
 Request-Url:
 Useragent:
 isAuthenticated:
 Request-ip:
 Request-referrer:
 Request-cookie:
 all-event-properties:ElapsedMilliseconds=1010.1791, StatusCode=200, ContentType=text/plain; charset=utf-8, EventId_Id=2, EventId_Name=, EventId=2
 MVC-Action:
 MVC-Controller:
 call     :Microsoft.AspNetCore.Hosting.Internal.HostingApplicationDiagnostics.LogRequestFinished
 stack    :<ProcessRequestsAsync>d__2.MoveNext => HostingApplication.DisposeContext => HostingApplicationDiagnostics.LogRequestFinished
 exception:
 message  :Request finished in 1010.1791ms 200 text/plain; charset=utf-8
 ------------------------------------------------------------------------
