2017-12-14 16:56:12.3795-----------0001:PushServer Start Logging---------------------
 Time     :2017-12-14 16:56:12.1022
 Level    :INFO
 Machine  :DESKTOP-K5EOA2A
 Process  :36788|dotnet
 Thread   :6$|{threadname}
 Logger   :Microsoft.AspNetCore.Hosting.Internal.WebHost
 TraceIdentifier:
 Host     :
 Method   :
 Request-Url:
 Useragent:
 isAuthenticated:
 Request-ip:
 Request-referrer:
 Request-cookie:
 all-event-properties:Protocol=HTTP/1.1, Method=GET, ContentType=, ContentLength=, Scheme=http, Host=localhost:5000, PathBase=, Path=/, QueryString=, EventId_Id=1, EventId_Name=, EventId=1
 MVC-Action:
 MVC-Controller:
 call     :Microsoft.AspNetCore.Hosting.Internal.HostingApplicationDiagnostics.LogRequestStarting
 stack    :<ProcessRequestsAsync>d__2.MoveNext => HostingApplication.CreateContext => HostingApplicationDiagnostics.LogRequestStarting
 exception:
 message  :Request starting HTTP/1.1 GET http://localhost:5000/  
 ------------------------------------------------------------------------
 Time     :2017-12-14 16:56:12.4555
 Level    :DEBUG
 Machine  :DESKTOP-K5EOA2A
 Process  :36788|dotnet
 Thread   :6$|{threadname}
 Logger   :WDev.AspNetCore.Middleware.HttpLoggingMiddleware
 TraceIdentifier:
 Host     :
 Method   :
 Request-Url:
 Useragent:
 isAuthenticated:
 Request-ip:
 Request-referrer:
 Request-cookie:
 all-event-properties:
 MVC-Action:
 MVC-Controller:
 call     :WDev.AspNetCore.Middleware.HttpLoggingMiddleware.Invoke(d:\Workspace\Foya\FoyaService\DotNetCore\PushServer\Middleware\HttpLoggingMiddleware.cs:39)
 stack    :AsyncTaskMethodBuilder.Start => <Invoke>d__7.MoveNext => HttpLoggingMiddleware.Invoke
 exception:
 message  :Request GET http://localhost:5000/ 
Accept:text/html,application/xhtml+xml,application/xml;q=0.9,image/webp,image/apng,*/*;q=0.8
Accept-Language:zh-TW,zh;q=0.9,en-US;q=0.8,en;q=0.7
User-Agent:Mozilla/5.0 (Windows NT 10.0; Win64; x64) AppleWebKit/537.36 (KHTML, like Gecko) Chrome/62.0.3202.94 Safari/537.36
Upgrade-Insecure-Requests:1

 ------------------------------------------------------------------------
 Time     :2017-12-14 16:56:12.7205
 Level    :DEBUG
 Machine  :DESKTOP-K5EOA2A
 Process  :36788|dotnet
 Thread   :6$|{threadname}
 Logger   :WDev.AspNetCore.Middleware.HttpLoggingMiddleware
 TraceIdentifier:
 Host     :
 Method   :
 Request-Url:
 Useragent:
 isAuthenticated:
 Request-ip:
 Request-referrer:
 Request-cookie:
 all-event-properties:
 MVC-Action:
 MVC-Controller:
 call     :WDev.AspNetCore.Middleware.HttpLoggingMiddleware.Invoke(d:\Workspace\Foya\FoyaService\DotNetCore\PushServer\Middleware\HttpLoggingMiddleware.cs:49)
 stack    :AsyncTaskMethodBuilder.Start => <Invoke>d__7.MoveNext => HttpLoggingMiddleware.Invoke
 exception:
 message  :Response(404) GET http://localhost:5000/  (Duration = 00:00:00.3063053)

 ------------------------------------------------------------------------
 Time     :2017-12-14 16:56:12.7619
 Level    :INFO
 Machine  :DESKTOP-K5EOA2A
 Process  :36788|dotnet
 Thread   :6$|{threadname}
 Logger   :Microsoft.AspNetCore.Hosting.Internal.WebHost
 TraceIdentifier:
 Host     :
 Method   :
 Request-Url:
 Useragent:
 isAuthenticated:
 Request-ip:
 Request-referrer:
 Request-cookie:
 all-event-properties:ElapsedMilliseconds=670.3951, StatusCode=404, ContentType=, EventId_Id=2, EventId_Name=, EventId=2
 MVC-Action:
 MVC-Controller:
 call     :Microsoft.AspNetCore.Hosting.Internal.HostingApplicationDiagnostics.LogRequestFinished
 stack    :<ProcessRequestsAsync>d__2.MoveNext => HostingApplication.DisposeContext => HostingApplicationDiagnostics.LogRequestFinished
 exception:
 message  :Request finished in 670.3951ms 404 
 ------------------------------------------------------------------------
 Time     :2017-12-14 16:56:16.5727
 Level    :INFO
 Machine  :DESKTOP-K5EOA2A
 Process  :36788|dotnet
 Thread   :6$|{threadname}
 Logger   :Microsoft.AspNetCore.Hosting.Internal.WebHost
 TraceIdentifier:
 Host     :
 Method   :
 Request-Url:
 Useragent:
 isAuthenticated:
 Request-ip:
 Request-referrer:
 Request-cookie:
 all-event-properties:Protocol=HTTP/1.1, Method=GET, ContentType=, ContentLength=, Scheme=http, Host=localhost:5000, PathBase=, Path=/api/PushMessage/ALL/2017122414/2017122415, QueryString=, EventId_Id=1, EventId_Name=, EventId=1
 MVC-Action:
 MVC-Controller:
 call     :Microsoft.AspNetCore.Hosting.Internal.HostingApplicationDiagnostics.LogRequestStarting
 stack    :<ProcessRequestsAsync>d__2.MoveNext => HostingApplication.CreateContext => HostingApplicationDiagnostics.LogRequestStarting
 exception:
 message  :Request starting HTTP/1.1 GET http://localhost:5000/api/PushMessage/ALL/2017122414/2017122415  
 ------------------------------------------------------------------------
 Time     :2017-12-14 16:56:16.5828
 Level    :DEBUG
 Machine  :DESKTOP-K5EOA2A
 Process  :36788|dotnet
 Thread   :6$|{threadname}
 Logger   :WDev.AspNetCore.Middleware.HttpLoggingMiddleware
 TraceIdentifier:
 Host     :
 Method   :
 Request-Url:
 Useragent:
 isAuthenticated:
 Request-ip:
 Request-referrer:
 Request-cookie:
 all-event-properties:
 MVC-Action:
 MVC-Controller:
 call     :WDev.AspNetCore.Middleware.HttpLoggingMiddleware.Invoke(d:\Workspace\Foya\FoyaService\DotNetCore\PushServer\Middleware\HttpLoggingMiddleware.cs:39)
 stack    :AsyncTaskMethodBuilder.Start => <Invoke>d__7.MoveNext => HttpLoggingMiddleware.Invoke
 exception:
 message  :Request GET http://localhost:5000/api/PushMessage/ALL/2017122414/2017122415 
Cache-Control:no-cache
Connection:keep-alive
Accept:*/*
Accept-Encoding:gzip, deflate, br
Accept-Language:zh-TW,zh;q=0.9,en-US;q=0.8,en;q=0.7
Authorization:123
Host:localhost:5000
User-Agent:Mozilla/5.0 (Windows NT 10.0; Win64; x64) AppleWebKit/537.36 (KHTML, like Gecko) Chrome/62.0.3202.94 Safari/537.36
Postman-Token:f5a65034-a5c3-8591-9b24-19aaf9e93ae8

 ------------------------------------------------------------------------
 Time     :2017-12-14 16:56:17.2380
 Level    :INFO
 Machine  :DESKTOP-K5EOA2A
 Process  :36788|dotnet
 Thread   :6$|{threadname}
 Logger   :Microsoft.AspNetCore.Mvc.Internal.ControllerActionInvoker
 TraceIdentifier:
 Host     :
 Method   :
 Request-Url:
 Useragent:
 isAuthenticated:
 Request-ip:
 Request-referrer:
 Request-cookie:
 all-event-properties:ActionName=PushServer.Controllers.PushMessageController.Get (PushServer), Arguments="ALL", "2017122414", "2017122415", ValidationState=Valid, EventId_Id=1, EventId_Name=, EventId=1
 MVC-Action:
 MVC-Controller:
 call     :Microsoft.AspNetCore.Mvc.Internal.MvcCoreLoggerExtensions.ActionMethodExecuting
 stack    :AsyncTaskMethodBuilder.Start => <InvokeActionMethodAsync>d__12.MoveNext => MvcCoreLoggerExtensions.ActionMethodExecuting
 exception:
 message  :Executing action method PushServer.Controllers.PushMessageController.Get (PushServer) with arguments (ALL, 2017122414, 2017122415) - ModelState is Valid
 ------------------------------------------------------------------------
 Time     :2017-12-14 16:56:17.6360
 Level    :INFO
 Machine  :DESKTOP-K5EOA2A
 Process  :36788|dotnet
 Thread   :3$|{threadname}
 Logger   :Microsoft.AspNetCore.Mvc.Internal.ObjectResultExecutor
 TraceIdentifier:
 Host     :
 Method   :
 Request-Url:
 Useragent:
 isAuthenticated:
 Request-ip:
 Request-referrer:
 Request-cookie:
 all-event-properties:Value=Microsoft.AspNetCore.Mvc.ControllerContext, EventId_Id=1, EventId_Name=, EventId=1
 MVC-Action:
 MVC-Controller:
 call     :Microsoft.AspNetCore.Mvc.Internal.MvcCoreLoggerExtensions.ObjectResultExecuting
 stack    :ObjectResult.ExecuteResultAsync => ObjectResultExecutor.ExecuteAsync => MvcCoreLoggerExtensions.ObjectResultExecuting
 exception:
 message  :Executing ObjectResult, writing value Microsoft.AspNetCore.Mvc.ControllerContext.
 ------------------------------------------------------------------------
 Time     :2017-12-14 16:56:17.8204
 Level    :INFO
 Machine  :DESKTOP-K5EOA2A
 Process  :36788|dotnet
 Thread   :3$|{threadname}
 Logger   :Microsoft.AspNetCore.Mvc.Internal.ControllerActionInvoker
 TraceIdentifier:
 Host     :
 Method   :
 Request-Url:
 Useragent:
 isAuthenticated:
 Request-ip:
 Request-referrer:
 Request-cookie:
 all-event-properties:ActionName=PushServer.Controllers.PushMessageController.Get (PushServer), ElapsedMilliseconds=1064.7857, EventId_Id=2, EventId_Name=, EventId=2
 MVC-Action:
 MVC-Controller:
 call     :Microsoft.AspNetCore.Mvc.Internal.MvcCoreLoggerExtensions.ExecutedAction
 stack    :ExecutionContext.Run => <InvokeAsync>d__15.MoveNext => MvcCoreLoggerExtensions.ExecutedAction
 exception:
 message  :Executed action PushServer.Controllers.PushMessageController.Get (PushServer) in 1064.7857ms
 ------------------------------------------------------------------------
 Time     :2017-12-14 16:56:17.8700
 Level    :DEBUG
 Machine  :DESKTOP-K5EOA2A
 Process  :36788|dotnet
 Thread   :3$|{threadname}
 Logger   :WDev.AspNetCore.Middleware.HttpLoggingMiddleware
 TraceIdentifier:
 Host     :
 Method   :
 Request-Url:
 Useragent:
 isAuthenticated:
 Request-ip:
 Request-referrer:
 Request-cookie:
 all-event-properties:
 MVC-Action:
 MVC-Controller:
 call     :WDev.AspNetCore.Middleware.HttpLoggingMiddleware+<Invoke>d__3.MoveNext(d:\Workspace\Foya\FoyaService\DotNetCore\PushServer\Middleware\HttpLoggingMiddleware.cs:49)
 stack    :AwaitTaskContinuation.RunOrScheduleAction => ExecutionContext.Run => <Invoke>d__3.MoveNext
 exception:
 message  :Response(200) GET http://localhost:5000/api/PushMessage/ALL/2017122414/2017122415  (Duration = 00:00:01.2901244)
Content-Type:application/json; charset=utf-8
[{"messageSN":"201712130001","fcmAuth":"FIRSTFCMAUTH","targetDeviceID":"DEVICEID","data":"MessageData","notification":"MessageNoti","dataTime":"2017/12/24 14:25:59","status":"S","errorMsg":"ErrorMessage"}]
 ------------------------------------------------------------------------
 Time     :2017-12-14 16:56:17.9229
 Level    :INFO
 Machine  :DESKTOP-K5EOA2A
 Process  :36788|dotnet
 Thread   :3$|{threadname}
 Logger   :Microsoft.AspNetCore.Hosting.Internal.WebHost
 TraceIdentifier:
 Host     :
 Method   :
 Request-Url:
 Useragent:
 isAuthenticated:
 Request-ip:
 Request-referrer:
 Request-cookie:
 all-event-properties:ElapsedMilliseconds=1350.2062, StatusCode=200, ContentType=application/json; charset=utf-8, EventId_Id=2, EventId_Name=, EventId=2
 MVC-Action:
 MVC-Controller:
 call     :Microsoft.AspNetCore.Hosting.Internal.HostingApplicationDiagnostics.LogRequestFinished
 stack    :<ProcessRequestsAsync>d__2.MoveNext => HostingApplication.DisposeContext => HostingApplicationDiagnostics.LogRequestFinished
 exception:
 message  :Request finished in 1350.2062ms 200 application/json; charset=utf-8
 ------------------------------------------------------------------------
