2017-12-18 11:17:12.3215-----------0001:PushServer Start Logging---------------------
 Time     :2017-12-18 11:17:12.0461
 Level    :INFO
 Machine  :DESKTOP-K5EOA2A
 Process  :87848|dotnet
 Thread   :6$|{threadname}
 Logger   :Microsoft.AspNetCore.Hosting.Internal.WebHost
 TraceIdentifier:
 Host     :
 Method   :
 Request-Url:
 Useragent:
 isAuthenticated:
 Request-ip:
 Request-referrer:
 Request-cookie:
 all-event-properties:Protocol=HTTP/1.1, Method=GET, ContentType=, ContentLength=, Scheme=http, Host=localhost:5000, PathBase=, Path=/, QueryString=, EventId_Id=1, EventId_Name=, EventId=1
 MVC-Action:
 MVC-Controller:
 call     :Microsoft.AspNetCore.Hosting.Internal.HostingApplicationDiagnostics.LogRequestStarting
 stack    :<ProcessRequestsAsync>d__2.MoveNext => HostingApplication.CreateContext => HostingApplicationDiagnostics.LogRequestStarting
 exception:
 message  :Request starting HTTP/1.1 GET http://localhost:5000/  
 ------------------------------------------------------------------------
 Time     :2017-12-18 11:17:12.6695
 Level    :DEBUG
 Machine  :DESKTOP-K5EOA2A
 Process  :87848|dotnet
 Thread   :6$|{threadname}
 Logger   :WDev.AspNetCore.Middleware.HttpLoggingMiddleware
 TraceIdentifier:
 Host     :
 Method   :
 Request-Url:
 Useragent:
 isAuthenticated:
 Request-ip:
 Request-referrer:
 Request-cookie:
 all-event-properties:
 MVC-Action:
 MVC-Controller:
 call     :WDev.AspNetCore.Middleware.HttpLoggingMiddleware.Invoke(d:\Workspace\Foya\FoyaService\DotNetCore\PushServer\Middleware\HttpLoggingMiddleware.cs:39)
 stack    :AsyncTaskMethodBuilder.Start => <Invoke>d__7.MoveNext => HttpLoggingMiddleware.Invoke
 exception:
 message  :Request GET http://localhost:5000/ 
Accept:text/html,application/xhtml+xml,application/xml;q=0.9,image/webp,image/apng,*/*;q=0.8
Accept-Encoding:gzip, deflate, br
Accept-Language:zh-TW,zh;q=0.9,en-US;q=0.8,en;q=0.7
User-Agent:Mozilla/5.0 (Windows NT 10.0; Win64; x64) AppleWebKit/537.36 (KHTML, like Gecko) Chrome/63.0.3239.84 Safari/537.36
Upgrade-Insecure-Requests:1

 ------------------------------------------------------------------------
 Time     :2017-12-18 11:17:13.0910
 Level    :DEBUG
 Machine  :DESKTOP-K5EOA2A
 Process  :87848|dotnet
 Thread   :6$|{threadname}
 Logger   :WDev.AspNetCore.Middleware.HttpLoggingMiddleware
 TraceIdentifier:
 Host     :
 Method   :
 Request-Url:
 Useragent:
 isAuthenticated:
 Request-ip:
 Request-referrer:
 Request-cookie:
 all-event-properties:
 MVC-Action:
 MVC-Controller:
 call     :WDev.AspNetCore.Middleware.HttpLoggingMiddleware.Invoke(d:\Workspace\Foya\FoyaService\DotNetCore\PushServer\Middleware\HttpLoggingMiddleware.cs:49)
 stack    :AsyncTaskMethodBuilder.Start => <Invoke>d__7.MoveNext => HttpLoggingMiddleware.Invoke
 exception:
 message  :Response(404) GET http://localhost:5000/  (Duration = 00:00:00.6909257)

 ------------------------------------------------------------------------
 Time     :2017-12-18 11:17:13.1120
 Level    :INFO
 Machine  :DESKTOP-K5EOA2A
 Process  :87848|dotnet
 Thread   :6$|{threadname}
 Logger   :Microsoft.AspNetCore.Hosting.Internal.WebHost
 TraceIdentifier:
 Host     :
 Method   :
 Request-Url:
 Useragent:
 isAuthenticated:
 Request-ip:
 Request-referrer:
 Request-cookie:
 all-event-properties:ElapsedMilliseconds=1085.3586, StatusCode=404, ContentType=, EventId_Id=2, EventId_Name=, EventId=2
 MVC-Action:
 MVC-Controller:
 call     :Microsoft.AspNetCore.Hosting.Internal.HostingApplicationDiagnostics.LogRequestFinished
 stack    :<ProcessRequestsAsync>d__2.MoveNext => HostingApplication.DisposeContext => HostingApplicationDiagnostics.LogRequestFinished
 exception:
 message  :Request finished in 1085.3586ms 404 
 ------------------------------------------------------------------------
 Time     :2017-12-18 11:17:53.5794
 Level    :INFO
 Machine  :DESKTOP-K5EOA2A
 Process  :87848|dotnet
 Thread   :6$|{threadname}
 Logger   :Microsoft.AspNetCore.Hosting.Internal.WebHost
 TraceIdentifier:
 Host     :
 Method   :
 Request-Url:
 Useragent:
 isAuthenticated:
 Request-ip:
 Request-referrer:
 Request-cookie:
 all-event-properties:Protocol=HTTP/1.1, Method=POST, ContentType=application/json, ContentLength=599, Scheme=http, Host=localhost:5000, PathBase=, Path=/api/PushMessage, QueryString=, EventId_Id=1, EventId_Name=, EventId=1
 MVC-Action:
 MVC-Controller:
 call     :Microsoft.AspNetCore.Hosting.Internal.HostingApplicationDiagnostics.LogRequestStarting
 stack    :<ProcessRequestsAsync>d__2.MoveNext => HostingApplication.CreateContext => HostingApplicationDiagnostics.LogRequestStarting
 exception:
 message  :Request starting HTTP/1.1 POST http://localhost:5000/api/PushMessage application/json 599
 ------------------------------------------------------------------------
 Time     :2017-12-18 11:17:53.5986
 Level    :DEBUG
 Machine  :DESKTOP-K5EOA2A
 Process  :87848|dotnet
 Thread   :6$|{threadname}
 Logger   :WDev.AspNetCore.Middleware.HttpLoggingMiddleware
 TraceIdentifier:
 Host     :
 Method   :
 Request-Url:
 Useragent:
 isAuthenticated:
 Request-ip:
 Request-referrer:
 Request-cookie:
 all-event-properties:
 MVC-Action:
 MVC-Controller:
 call     :WDev.AspNetCore.Middleware.HttpLoggingMiddleware.Invoke(d:\Workspace\Foya\FoyaService\DotNetCore\PushServer\Middleware\HttpLoggingMiddleware.cs:39)
 stack    :AsyncTaskMethodBuilder.Start => <Invoke>d__7.MoveNext => HttpLoggingMiddleware.Invoke
 exception:
 message  :Request POST http://localhost:5000/api/PushMessage 
Cache-Control:no-cache
Connection:keep-alive
Content-Type:application/json
Accept:*/*
Accept-Encoding:gzip, deflate, br
Accept-Language:zh-TW,zh;q=0.9,en-US;q=0.8,en;q=0.7
Host:localhost:5000
User-Agent:Mozilla/5.0 (Windows NT 10.0; Win64; x64) AppleWebKit/537.36 (KHTML, like Gecko) Chrome/63.0.3239.84 Safari/537.36
Origin:chrome-extension://fhbjgbiflinjbdggehcddcbncdddomop
Content-Length:599
Postman-Token:e92ef4b8-7f8e-8b0f-d920-1c63bfd4a33a
{
  "MessageSN":"",
  "FCMAuth":"AAAAte346S4:APA91bEpoxKa2HOaC_JyEZiJvdDNpYND0A2cJJsq0WGRys6PGgIqhUsRGuFw78DgotPyjBRReg7ulHZpMteV-adIA36M01G8T7Ln4YQ8appyiOzCE1oegAqIIYLV-lSjrdBa3u-uCdjg",
  "TargetDeviceID":"cnYq8bgDam8:APA91bF9HHz1bBCxBB7HJDdFwZz3G8zIxrMoFO9TEl82FJLDrUJFidKZsrEnb7ZkwoSuH0V_dlkElHy2wJZnrWOsbmxSUPbE2ZCXH3i8i4fekX29mNO_n01hblgIe_oI7sepOU4KAkRZ",
    "Data":{
    "body" : "great match!",
    "title" : "Portugal vs. Denmark"
	},
  "Notification":{
    "body" : "great match!",
    "title" : "Portugal vs. Denmark"
	},
  "DateTime":"",
  "Status":"",
  "ErrorMsg":""
}
 ------------------------------------------------------------------------
 Time     :2017-12-18 11:17:54.5742
 Level    :INFO
 Machine  :DESKTOP-K5EOA2A
 Process  :87848|dotnet
 Thread   :6$|{threadname}
 Logger   :Microsoft.AspNetCore.Mvc.Internal.ControllerActionInvoker
 TraceIdentifier:
 Host     :
 Method   :
 Request-Url:
 Useragent:
 isAuthenticated:
 Request-ip:
 Request-referrer:
 Request-cookie:
 all-event-properties:ActionName=PushServer.Controllers.PushMessageController.Post (PushServer), Arguments="PushServer.Model.PushMessage", ValidationState=Valid, EventId_Id=1, EventId_Name=, EventId=1
 MVC-Action:
 MVC-Controller:
 call     :Microsoft.AspNetCore.Mvc.Internal.MvcCoreLoggerExtensions.ActionMethodExecuting
 stack    :AsyncTaskMethodBuilder.Start => <InvokeActionMethodAsync>d__12.MoveNext => MvcCoreLoggerExtensions.ActionMethodExecuting
 exception:
 message  :Executing action method PushServer.Controllers.PushMessageController.Post (PushServer) with arguments (PushServer.Model.PushMessage) - ModelState is Valid
 ------------------------------------------------------------------------
 Time     :2017-12-18 11:17:55.3585
 Level    :INFO
 Machine  :DESKTOP-K5EOA2A
 Process  :87848|dotnet
 Thread   :6$|{threadname}
 Logger   :Microsoft.AspNetCore.Mvc.Internal.ObjectResultExecutor
 TraceIdentifier:
 Host     :
 Method   :
 Request-Url:
 Useragent:
 isAuthenticated:
 Request-ip:
 Request-referrer:
 Request-cookie:
 all-event-properties:Value=Microsoft.AspNetCore.Mvc.ControllerContext, EventId_Id=1, EventId_Name=, EventId=1
 MVC-Action:
 MVC-Controller:
 call     :Microsoft.AspNetCore.Mvc.Internal.MvcCoreLoggerExtensions.ObjectResultExecuting
 stack    :ObjectResult.ExecuteResultAsync => ObjectResultExecutor.ExecuteAsync => MvcCoreLoggerExtensions.ObjectResultExecuting
 exception:
 message  :Executing ObjectResult, writing value Microsoft.AspNetCore.Mvc.ControllerContext.
 ------------------------------------------------------------------------
 Time     :2017-12-18 11:17:55.4301
 Level    :INFO
 Machine  :DESKTOP-K5EOA2A
 Process  :87848|dotnet
 Thread   :6$|{threadname}
 Logger   :Microsoft.AspNetCore.Mvc.Internal.ControllerActionInvoker
 TraceIdentifier:
 Host     :
 Method   :
 Request-Url:
 Useragent:
 isAuthenticated:
 Request-ip:
 Request-referrer:
 Request-cookie:
 all-event-properties:ActionName=PushServer.Controllers.PushMessageController.Post (PushServer), ElapsedMilliseconds=1624.9773, EventId_Id=2, EventId_Name=, EventId=2
 MVC-Action:
 MVC-Controller:
 call     :Microsoft.AspNetCore.Mvc.Internal.MvcCoreLoggerExtensions.ExecutedAction
 stack    :ExecutionContext.Run => <InvokeAsync>d__15.MoveNext => MvcCoreLoggerExtensions.ExecutedAction
 exception:
 message  :Executed action PushServer.Controllers.PushMessageController.Post (PushServer) in 1624.9773ms
 ------------------------------------------------------------------------
 Time     :2017-12-18 11:17:55.4650
 Level    :DEBUG
 Machine  :DESKTOP-K5EOA2A
 Process  :87848|dotnet
 Thread   :6$|{threadname}
 Logger   :WDev.AspNetCore.Middleware.HttpLoggingMiddleware
 TraceIdentifier:
 Host     :
 Method   :
 Request-Url:
 Useragent:
 isAuthenticated:
 Request-ip:
 Request-referrer:
 Request-cookie:
 all-event-properties:
 MVC-Action:
 MVC-Controller:
 call     :WDev.AspNetCore.Middleware.HttpLoggingMiddleware+<Invoke>d__3.MoveNext(d:\Workspace\Foya\FoyaService\DotNetCore\PushServer\Middleware\HttpLoggingMiddleware.cs:49)
 stack    :AwaitTaskContinuation.RunOrScheduleAction => ExecutionContext.Run => <Invoke>d__3.MoveNext
 exception:
 message  :Response(200) POST http://localhost:5000/api/PushMessage  (Duration = 00:00:01.8785626)
Content-Type:application/json; charset=utf-8
{"messageSN":"2017121811175554573","fcmAuth":null,"targetDeviceID":null,"data":null,"notification":null,"dataTime":"2017/12/18 11:17:55","status":"S","errorMsg":""}
 ------------------------------------------------------------------------
 Time     :2017-12-18 11:17:55.5010
 Level    :INFO
 Machine  :DESKTOP-K5EOA2A
 Process  :87848|dotnet
 Thread   :6$|{threadname}
 Logger   :Microsoft.AspNetCore.Hosting.Internal.WebHost
 TraceIdentifier:
 Host     :
 Method   :
 Request-Url:
 Useragent:
 isAuthenticated:
 Request-ip:
 Request-referrer:
 Request-cookie:
 all-event-properties:ElapsedMilliseconds=1921.5973, StatusCode=200, ContentType=application/json; charset=utf-8, EventId_Id=2, EventId_Name=, EventId=2
 MVC-Action:
 MVC-Controller:
 call     :Microsoft.AspNetCore.Hosting.Internal.HostingApplicationDiagnostics.LogRequestFinished
 stack    :<ProcessRequestsAsync>d__2.MoveNext => HostingApplication.DisposeContext => HostingApplicationDiagnostics.LogRequestFinished
 exception:
 message  :Request finished in 1921.5973ms 200 application/json; charset=utf-8
 ------------------------------------------------------------------------
